

-------- Grammar --------

rule 1 INICIAL: "with" LISTA_DECLARACION "begin" INSTRUCCION_GENERAL "end"
rule 2 INICIAL: "begin" INSTRUCCION_GENERAL "end"
rule 3 LISTA_DECLARACION: LISTA_DECLARACION "var" LISTA_IDENT ":" TIPO
rule 4 LISTA_DECLARACION: "var" LISTA_IDENT ":" TIPO
rule 5 LISTA_IDENT: LISTA_IDENT "," VARIABLE
rule 6 LISTA_IDENT: VARIABLE
rule 7 LISTA_IDENT: ASIGNACION
rule 8 TIPO: "int"
rule 9 TIPO: "bool"
rule 10 TIPO: "char"
rule 11 TIPO: "matrix" "[" DIMENSION "]" "of" TIPO
rule 12 DIMENSION: DIMENSION "," EXPRESION
rule 13 DIMENSION: EXPRESION
rule 14 INSTRUCCION_GENERAL: SECUENCIACION
rule 15 INSTRUCCION_GENERAL: INSTRUCCION
rule 16 SECUENCIACION: INSTRUCCION_GENERAL INSTRUCCION
rule 17 INSTRUCCION: ASIGNACION "."
rule 18 INSTRUCCION: I_O "."
rule 19 INSTRUCCION: CONDICIONAL
rule 20 INSTRUCCION: REPETICION_DET
rule 21 INSTRUCCION: REPETICION_INDET
rule 22 INSTRUCCION: INICIAL
rule 23 ASIGNACION: EXPRESION "<-" EXPRESION
rule 24 CONDICIONAL: "if" EXPRESION "->" INSTRUCCION_GENERAL CONDICIONAL_CONT
rule 25 CONDICIONAL_CONT: "end"
rule 26 CONDICIONAL_CONT: "otherwise" "->" INSTRUCCION_GENERAL "end"
rule 27 REPETICION_DET: "for" VARIABLE "from" EXPRESION "to" EXPRESION REPETICION_DET_CONT
rule 28 REPETICION_DET_CONT: "->" INSTRUCCION_GENERAL "end"
rule 29 REPETICION_DET_CONT: "step" EXPRESION "->" INSTRUCCION_GENERAL "end"
rule 30 REPETICION_INDET: "while" EXPRESION "->" INSTRUCCION_GENERAL "end"
rule 31 I_O: "read" VARIABLE
rule 32 I_O: "print" EXPRESION
rule 33 EXPRESION: LITERAL
rule 34 EXPRESION: VARIABLE
rule 35 EXPRESION: "(" EXPRESION ")"
rule 36 EXPRESION: EXPRESION "+" EXPRESION
rule 37 EXPRESION: EXPRESION "-" EXPRESION
rule 38 EXPRESION: EXPRESION "*" EXPRESION
rule 39 EXPRESION: EXPRESION "/" EXPRESION
rule 40 EXPRESION: EXPRESION "%" EXPRESION
rule 41 EXPRESION: "-" EXPRESION
rule 42 EXPRESION: EXPRESION "/\\" EXPRESION
rule 43 EXPRESION: EXPRESION "\\/" EXPRESION
rule 44 EXPRESION: "not" EXPRESION
rule 45 EXPRESION: EXPRESION "++"
rule 46 EXPRESION: EXPRESION "--"
rule 47 EXPRESION: "#" EXPRESION
rule 48 EXPRESION: EXPRESION "::" EXPRESION
rule 49 EXPRESION: "$" EXPRESION
rule 50 EXPRESION: EXPRESION "?"
rule 51 EXPRESION: EXPRESION INDEX
rule 52 EXPRESION: EXPRESION "<" EXPRESION
rule 53 EXPRESION: EXPRESION "<=" EXPRESION
rule 54 EXPRESION: EXPRESION ">" EXPRESION
rule 55 EXPRESION: EXPRESION ">=" EXPRESION
rule 56 EXPRESION: EXPRESION "=" EXPRESION
rule 57 EXPRESION: EXPRESION "/=" EXPRESION
rule 58 LITERAL: LIT_INT
rule 59 LITERAL: LIT_BOOL
rule 60 LITERAL: caracter
rule 61 LITERAL: LIT_MATRIX
rule 62 LIT_INT: num
rule 63 LIT_BOOL: "True"
rule 64 LIT_BOOL: "False"
rule 65 LIT_MATRIX: "{" DIMENSION "}"
rule 66 VARIABLE: ident
rule 67 INDEX: "[" DIMENSION "]"

------- Symbols -------

**Nonterminals, with rules where they appear

  $start (57)
    on right: 
    on left : 
  INICIAL (58)
    on right: 22
    on left : 1 2
  LISTA_DECLARACION (59)
    on right: 1 3
    on left : 3 4
  INSTRUCCION_GENERAL (60)
    on right: 1 2 16 24 26 28 29 30
    on left : 14 15
  LISTA_IDENT (61)
    on right: 3 4 5
    on left : 5 6 7
  TIPO (62)
    on right: 3 4 11
    on left : 8 9 10 11
  VARIABLE (63)
    on right: 5 6 27 31 34
    on left : 66
  ASIGNACION (64)
    on right: 7 17
    on left : 23
  DIMENSION (65)
    on right: 11 12 65 67
    on left : 12 13
  EXPRESION (66)
    on right: 12 13 23 24 27 29 30 32 35 36 37 38 39 40 41 42 43 44 45 46 47 48 49 50 51 52 53 54 55 56 57
    on left : 33 34 35 36 37 38 39 40 41 42 43 44 45 46 47 48 49 50 51 52 53 54 55 56 57
  SECUENCIACION (67)
    on right: 14
    on left : 16
  INSTRUCCION (68)
    on right: 15 16
    on left : 17 18 19 20 21 22
  I_O (69)
    on right: 18
    on left : 31 32
  CONDICIONAL (70)
    on right: 19
    on left : 24
  REPETICION_DET (71)
    on right: 20
    on left : 27
  REPETICION_INDET (72)
    on right: 21
    on left : 30
  CONDICIONAL_CONT (73)
    on right: 24
    on left : 25 26
  REPETICION_DET_CONT (74)
    on right: 27
    on left : 28 29
  LITERAL (75)
    on right: 33
    on left : 58 59 60 61
  INDEX (76)
    on right: 51
    on left : 67
  LIT_INT (77)
    on right: 58
    on left : 62
  LIT_BOOL (78)
    on right: 59
    on left : 63 64
  LIT_MATRIX (79)
    on right: 61
    on left : 65

**Terminals, with rules where they appear

  $end (0) 
  error (1) 
  ident (2) 66
  num (3) 62
  caracter (4) 60
  UMINUS (5) 
  "*" (6) 38
  "/" (7) 39
  "%" (8) 40
  "+" (9) 36
  "-" (10) 37 41
  "not" (11) 44
  "/\\" (12) 42
  "\\/" (13) 43
  "++" (14) 45
  "--" (15) 46
  "#" (16) 47
  "[" (17) 11 67
  "]" (18) 11 67
  "::" (19) 48
  "$" (20) 49
  "?" (21) 50
  "<" (22) 52
  "<=" (23) 53
  ">" (24) 54
  ">=" (25) 55
  "=" (26) 56
  "/=" (27) 57
  "with" (28) 1
  "begin" (29) 1 2
  "end" (30) 1 2 25 26 28 29 30
  "var" (31) 3 4
  ":" (32) 3 4
  "," (33) 5 12
  "int" (34) 8
  "bool" (35) 9
  "char" (36) 10
  "matrix" (37) 11
  "of" (38) 11
  "." (39) 17 18
  "<-" (40) 23
  "if" (41) 24
  "->" (42) 24 26 28 29 30
  "otherwise" (43) 26
  "for" (44) 27
  "from" (45) 27
  "to" (46) 27
  "step" (47) 29
  "while" (48) 30
  "read" (49) 31
  "print" (50) 32
  "(" (51) 35
  ")" (52) 35
  "True" (53) 63
  "False" (54) 64
  "{" (55) 65
  "}" (56) 65

--------- State ---------

state 0


  "with"        shift, and go to state 2
  "begin"       shift, and go to state 3

  INICIAL       go to state 1

state 1


  $end          shift, and go to state 4


state 2

   1) INICIAL : "with" _ LISTA_DECLARACION "begin" INSTRUCCION_GENERAL "end"

  "var"         shift, and go to state 6

  LISTA_DECLARACION  go to state 5

state 3

   2) INICIAL : "begin" _ INSTRUCCION_GENERAL "end"

  ident         shift, and go to state 37
  num           shift, and go to state 33
  caracter      shift, and go to state 31
  "-"           shift, and go to state 25
  "not"         shift, and go to state 26
  "#"           shift, and go to state 27
  "$"           shift, and go to state 28
  "with"        shift, and go to state 2
  "begin"       shift, and go to state 3
  "if"          shift, and go to state 17
  "for"         shift, and go to state 18
  "while"       shift, and go to state 19
  "read"        shift, and go to state 20
  "print"       shift, and go to state 21
  "("           shift, and go to state 24
  "True"        shift, and go to state 34
  "False"       shift, and go to state 35
  "{"           shift, and go to state 36

  INSTRUCCION_GENERAL  go to state 7
  SECUENCIACION  go to state 8
  INSTRUCCION   go to state 9
  ASIGNACION    go to state 10
  I_O           go to state 11
  CONDICIONAL   go to state 12
  REPETICION_DET  go to state 13
  REPETICION_INDET  go to state 14
  INICIAL       go to state 15
  EXPRESION     go to state 16
  LITERAL       go to state 22
  VARIABLE      go to state 23
  LIT_INT       go to state 29
  LIT_BOOL      go to state 30
  LIT_MATRIX    go to state 32

state 4


  $end          shift, and go to state 38


state 5

   1) INICIAL : "with" LISTA_DECLARACION _ "begin" INSTRUCCION_GENERAL "end"
   3) LISTA_DECLARACION : LISTA_DECLARACION _ "var" LISTA_IDENT ":" TIPO

  "begin"       shift, and go to state 39
  "var"         shift, and go to state 40


state 6

   4) LISTA_DECLARACION : "var" _ LISTA_IDENT ":" TIPO

  ident         shift, and go to state 37
  num           shift, and go to state 33
  caracter      shift, and go to state 31
  "-"           shift, and go to state 25
  "not"         shift, and go to state 26
  "#"           shift, and go to state 27
  "$"           shift, and go to state 28
  "("           shift, and go to state 24
  "True"        shift, and go to state 34
  "False"       shift, and go to state 35
  "{"           shift, and go to state 36

  LISTA_IDENT   go to state 41
  VARIABLE      go to state 42
  ASIGNACION    go to state 43
  EXPRESION     go to state 16
  LITERAL       go to state 22
  LIT_INT       go to state 29
  LIT_BOOL      go to state 30
  LIT_MATRIX    go to state 32

state 7

   2) INICIAL : "begin" INSTRUCCION_GENERAL _ "end"
  16) SECUENCIACION : INSTRUCCION_GENERAL _ INSTRUCCION

  ident         shift, and go to state 37
  num           shift, and go to state 33
  caracter      shift, and go to state 31
  "-"           shift, and go to state 25
  "not"         shift, and go to state 26
  "#"           shift, and go to state 27
  "$"           shift, and go to state 28
  "with"        shift, and go to state 2
  "begin"       shift, and go to state 3
  "end"         shift, and go to state 44
  "if"          shift, and go to state 17
  "for"         shift, and go to state 18
  "while"       shift, and go to state 19
  "read"        shift, and go to state 20
  "print"       shift, and go to state 21
  "("           shift, and go to state 24
  "True"        shift, and go to state 34
  "False"       shift, and go to state 35
  "{"           shift, and go to state 36

  INSTRUCCION   go to state 45
  ASIGNACION    go to state 10
  I_O           go to state 11
  CONDICIONAL   go to state 12
  REPETICION_DET  go to state 13
  REPETICION_INDET  go to state 14
  INICIAL       go to state 15
  EXPRESION     go to state 16
  LITERAL       go to state 22
  VARIABLE      go to state 23
  LIT_INT       go to state 29
  LIT_BOOL      go to state 30
  LIT_MATRIX    go to state 32

state 8

  14) INSTRUCCION_GENERAL : SECUENCIACION _

  $default      reduce using rule 14 (INSTRUCCION_GENERAL)


state 9

  15) INSTRUCCION_GENERAL : INSTRUCCION _

  $default      reduce using rule 15 (INSTRUCCION_GENERAL)


state 10

  17) INSTRUCCION : ASIGNACION _ "."

  "."           shift, and go to state 46


state 11

  18) INSTRUCCION : I_O _ "."

  "."           shift, and go to state 47


state 12

  19) INSTRUCCION : CONDICIONAL _

  $default      reduce using rule 19 (INSTRUCCION)


state 13

  20) INSTRUCCION : REPETICION_DET _

  $default      reduce using rule 20 (INSTRUCCION)


state 14

  21) INSTRUCCION : REPETICION_INDET _

  $default      reduce using rule 21 (INSTRUCCION)


state 15

  22) INSTRUCCION : INICIAL _

  $default      reduce using rule 22 (INSTRUCCION)


state 16

  23) ASIGNACION : EXPRESION _ "<-" EXPRESION
  36) EXPRESION : EXPRESION _ "+" EXPRESION
  37) EXPRESION : EXPRESION _ "-" EXPRESION
  38) EXPRESION : EXPRESION _ "*" EXPRESION
  39) EXPRESION : EXPRESION _ "/" EXPRESION
  40) EXPRESION : EXPRESION _ "%" EXPRESION
  42) EXPRESION : EXPRESION _ "/\\" EXPRESION
  43) EXPRESION : EXPRESION _ "\\/" EXPRESION
  45) EXPRESION : EXPRESION _ "++"
  46) EXPRESION : EXPRESION _ "--"
  48) EXPRESION : EXPRESION _ "::" EXPRESION
  50) EXPRESION : EXPRESION _ "?"
  51) EXPRESION : EXPRESION _ INDEX
  52) EXPRESION : EXPRESION _ "<" EXPRESION
  53) EXPRESION : EXPRESION _ "<=" EXPRESION
  54) EXPRESION : EXPRESION _ ">" EXPRESION
  55) EXPRESION : EXPRESION _ ">=" EXPRESION
  56) EXPRESION : EXPRESION _ "=" EXPRESION
  57) EXPRESION : EXPRESION _ "/=" EXPRESION

  "*"           shift, and go to state 51
  "/"           shift, and go to state 52
  "%"           shift, and go to state 53
  "+"           shift, and go to state 49
  "-"           shift, and go to state 50
  "/\\"         shift, and go to state 54
  "\\/"         shift, and go to state 55
  "++"          shift, and go to state 56
  "--"          shift, and go to state 57
  "["           shift, and go to state 67
  "::"          shift, and go to state 58
  "?"           shift, and go to state 59
  "<"           shift, and go to state 61
  "<="          shift, and go to state 62
  ">"           shift, and go to state 63
  ">="          shift, and go to state 64
  "="           shift, and go to state 65
  "/="          shift, and go to state 66
  "<-"          shift, and go to state 48

  INDEX         go to state 60

state 17

  24) CONDICIONAL : "if" _ EXPRESION "->" INSTRUCCION_GENERAL CONDICIONAL_CONT

  ident         shift, and go to state 37
  num           shift, and go to state 33
  caracter      shift, and go to state 31
  "-"           shift, and go to state 25
  "not"         shift, and go to state 26
  "#"           shift, and go to state 27
  "$"           shift, and go to state 28
  "("           shift, and go to state 24
  "True"        shift, and go to state 34
  "False"       shift, and go to state 35
  "{"           shift, and go to state 36

  EXPRESION     go to state 68
  LITERAL       go to state 22
  VARIABLE      go to state 23
  LIT_INT       go to state 29
  LIT_BOOL      go to state 30
  LIT_MATRIX    go to state 32

state 18

  27) REPETICION_DET : "for" _ VARIABLE "from" EXPRESION "to" EXPRESION REPETICION_DET_CONT

  ident         shift, and go to state 37

  VARIABLE      go to state 69

state 19

  30) REPETICION_INDET : "while" _ EXPRESION "->" INSTRUCCION_GENERAL "end"

  ident         shift, and go to state 37
  num           shift, and go to state 33
  caracter      shift, and go to state 31
  "-"           shift, and go to state 25
  "not"         shift, and go to state 26
  "#"           shift, and go to state 27
  "$"           shift, and go to state 28
  "("           shift, and go to state 24
  "True"        shift, and go to state 34
  "False"       shift, and go to state 35
  "{"           shift, and go to state 36

  EXPRESION     go to state 70
  LITERAL       go to state 22
  VARIABLE      go to state 23
  LIT_INT       go to state 29
  LIT_BOOL      go to state 30
  LIT_MATRIX    go to state 32

state 20

  31) I_O : "read" _ VARIABLE

  ident         shift, and go to state 37

  VARIABLE      go to state 71

state 21

  32) I_O : "print" _ EXPRESION

  ident         shift, and go to state 37
  num           shift, and go to state 33
  caracter      shift, and go to state 31
  "-"           shift, and go to state 25
  "not"         shift, and go to state 26
  "#"           shift, and go to state 27
  "$"           shift, and go to state 28
  "("           shift, and go to state 24
  "True"        shift, and go to state 34
  "False"       shift, and go to state 35
  "{"           shift, and go to state 36

  EXPRESION     go to state 72
  LITERAL       go to state 22
  VARIABLE      go to state 23
  LIT_INT       go to state 29
  LIT_BOOL      go to state 30
  LIT_MATRIX    go to state 32

state 22

  33) EXPRESION : LITERAL _

  $default      reduce using rule 33 (EXPRESION)


state 23

  34) EXPRESION : VARIABLE _

  $default      reduce using rule 34 (EXPRESION)


state 24

  35) EXPRESION : "(" _ EXPRESION ")"

  ident         shift, and go to state 37
  num           shift, and go to state 33
  caracter      shift, and go to state 31
  "-"           shift, and go to state 25
  "not"         shift, and go to state 26
  "#"           shift, and go to state 27
  "$"           shift, and go to state 28
  "("           shift, and go to state 24
  "True"        shift, and go to state 34
  "False"       shift, and go to state 35
  "{"           shift, and go to state 36

  LITERAL       go to state 22
  VARIABLE      go to state 23
  EXPRESION     go to state 73
  LIT_INT       go to state 29
  LIT_BOOL      go to state 30
  LIT_MATRIX    go to state 32

state 25

  41) EXPRESION : "-" _ EXPRESION

  ident         shift, and go to state 37
  num           shift, and go to state 33
  caracter      shift, and go to state 31
  "-"           shift, and go to state 25
  "not"         shift, and go to state 26
  "#"           shift, and go to state 27
  "$"           shift, and go to state 28
  "("           shift, and go to state 24
  "True"        shift, and go to state 34
  "False"       shift, and go to state 35
  "{"           shift, and go to state 36

  LITERAL       go to state 22
  VARIABLE      go to state 23
  EXPRESION     go to state 74
  LIT_INT       go to state 29
  LIT_BOOL      go to state 30
  LIT_MATRIX    go to state 32

state 26

  44) EXPRESION : "not" _ EXPRESION

  ident         shift, and go to state 37
  num           shift, and go to state 33
  caracter      shift, and go to state 31
  "-"           shift, and go to state 25
  "not"         shift, and go to state 26
  "#"           shift, and go to state 27
  "$"           shift, and go to state 28
  "("           shift, and go to state 24
  "True"        shift, and go to state 34
  "False"       shift, and go to state 35
  "{"           shift, and go to state 36

  LITERAL       go to state 22
  VARIABLE      go to state 23
  EXPRESION     go to state 75
  LIT_INT       go to state 29
  LIT_BOOL      go to state 30
  LIT_MATRIX    go to state 32

state 27

  47) EXPRESION : "#" _ EXPRESION

  ident         shift, and go to state 37
  num           shift, and go to state 33
  caracter      shift, and go to state 31
  "-"           shift, and go to state 25
  "not"         shift, and go to state 26
  "#"           shift, and go to state 27
  "$"           shift, and go to state 28
  "("           shift, and go to state 24
  "True"        shift, and go to state 34
  "False"       shift, and go to state 35
  "{"           shift, and go to state 36

  LITERAL       go to state 22
  VARIABLE      go to state 23
  EXPRESION     go to state 76
  LIT_INT       go to state 29
  LIT_BOOL      go to state 30
  LIT_MATRIX    go to state 32

state 28

  49) EXPRESION : "$" _ EXPRESION

  ident         shift, and go to state 37
  num           shift, and go to state 33
  caracter      shift, and go to state 31
  "-"           shift, and go to state 25
  "not"         shift, and go to state 26
  "#"           shift, and go to state 27
  "$"           shift, and go to state 28
  "("           shift, and go to state 24
  "True"        shift, and go to state 34
  "False"       shift, and go to state 35
  "{"           shift, and go to state 36

  LITERAL       go to state 22
  VARIABLE      go to state 23
  EXPRESION     go to state 77
  LIT_INT       go to state 29
  LIT_BOOL      go to state 30
  LIT_MATRIX    go to state 32

state 29

  58) LITERAL : LIT_INT _

  $default      reduce using rule 58 (LITERAL)


state 30

  59) LITERAL : LIT_BOOL _

  $default      reduce using rule 59 (LITERAL)


state 31

  60) LITERAL : caracter _

  $default      reduce using rule 60 (LITERAL)


state 32

  61) LITERAL : LIT_MATRIX _

  $default      reduce using rule 61 (LITERAL)


state 33

  62) LIT_INT : num _

  $default      reduce using rule 62 (LIT_INT)


state 34

  63) LIT_BOOL : "True" _

  $default      reduce using rule 63 (LIT_BOOL)


state 35

  64) LIT_BOOL : "False" _

  $default      reduce using rule 64 (LIT_BOOL)


state 36

  65) LIT_MATRIX : "{" _ DIMENSION "}"

  ident         shift, and go to state 37
  num           shift, and go to state 33
  caracter      shift, and go to state 31
  "-"           shift, and go to state 25
  "not"         shift, and go to state 26
  "#"           shift, and go to state 27
  "$"           shift, and go to state 28
  "("           shift, and go to state 24
  "True"        shift, and go to state 34
  "False"       shift, and go to state 35
  "{"           shift, and go to state 36

  DIMENSION     go to state 78
  EXPRESION     go to state 79
  LITERAL       go to state 22
  VARIABLE      go to state 23
  LIT_INT       go to state 29
  LIT_BOOL      go to state 30
  LIT_MATRIX    go to state 32

state 37

  66) VARIABLE : ident _

  $default      reduce using rule 66 (VARIABLE)


state 38


  $default      accept


state 39

   1) INICIAL : "with" LISTA_DECLARACION "begin" _ INSTRUCCION_GENERAL "end"

  ident         shift, and go to state 37
  num           shift, and go to state 33
  caracter      shift, and go to state 31
  "-"           shift, and go to state 25
  "not"         shift, and go to state 26
  "#"           shift, and go to state 27
  "$"           shift, and go to state 28
  "with"        shift, and go to state 2
  "begin"       shift, and go to state 3
  "if"          shift, and go to state 17
  "for"         shift, and go to state 18
  "while"       shift, and go to state 19
  "read"        shift, and go to state 20
  "print"       shift, and go to state 21
  "("           shift, and go to state 24
  "True"        shift, and go to state 34
  "False"       shift, and go to state 35
  "{"           shift, and go to state 36

  INSTRUCCION_GENERAL  go to state 80
  SECUENCIACION  go to state 8
  INSTRUCCION   go to state 9
  ASIGNACION    go to state 10
  I_O           go to state 11
  CONDICIONAL   go to state 12
  REPETICION_DET  go to state 13
  REPETICION_INDET  go to state 14
  INICIAL       go to state 15
  EXPRESION     go to state 16
  LITERAL       go to state 22
  VARIABLE      go to state 23
  LIT_INT       go to state 29
  LIT_BOOL      go to state 30
  LIT_MATRIX    go to state 32

state 40

   3) LISTA_DECLARACION : LISTA_DECLARACION "var" _ LISTA_IDENT ":" TIPO

  ident         shift, and go to state 37
  num           shift, and go to state 33
  caracter      shift, and go to state 31
  "-"           shift, and go to state 25
  "not"         shift, and go to state 26
  "#"           shift, and go to state 27
  "$"           shift, and go to state 28
  "("           shift, and go to state 24
  "True"        shift, and go to state 34
  "False"       shift, and go to state 35
  "{"           shift, and go to state 36

  LISTA_IDENT   go to state 81
  VARIABLE      go to state 42
  ASIGNACION    go to state 43
  EXPRESION     go to state 16
  LITERAL       go to state 22
  LIT_INT       go to state 29
  LIT_BOOL      go to state 30
  LIT_MATRIX    go to state 32

state 41

   4) LISTA_DECLARACION : "var" LISTA_IDENT _ ":" TIPO
   5) LISTA_IDENT : LISTA_IDENT _ "," VARIABLE

  ":"           shift, and go to state 82
  ","           shift, and go to state 83


state 42

   6) LISTA_IDENT : VARIABLE _
  34) EXPRESION : VARIABLE _

  ":"           reduce using rule 6 (LISTA_IDENT)
  ","           reduce using rule 6 (LISTA_IDENT)
  $default      reduce using rule 34 (EXPRESION)


state 43

   7) LISTA_IDENT : ASIGNACION _

  $default      reduce using rule 7 (LISTA_IDENT)


state 44

   2) INICIAL : "begin" INSTRUCCION_GENERAL "end" _

  $default      reduce using rule 2 (INICIAL)


state 45

  16) SECUENCIACION : INSTRUCCION_GENERAL INSTRUCCION _

  $default      reduce using rule 16 (SECUENCIACION)


state 46

  17) INSTRUCCION : ASIGNACION "." _

  $default      reduce using rule 17 (INSTRUCCION)


state 47

  18) INSTRUCCION : I_O "." _

  $default      reduce using rule 18 (INSTRUCCION)


state 48

  23) ASIGNACION : EXPRESION "<-" _ EXPRESION

  ident         shift, and go to state 37
  num           shift, and go to state 33
  caracter      shift, and go to state 31
  "-"           shift, and go to state 25
  "not"         shift, and go to state 26
  "#"           shift, and go to state 27
  "$"           shift, and go to state 28
  "("           shift, and go to state 24
  "True"        shift, and go to state 34
  "False"       shift, and go to state 35
  "{"           shift, and go to state 36

  EXPRESION     go to state 84
  LITERAL       go to state 22
  VARIABLE      go to state 23
  LIT_INT       go to state 29
  LIT_BOOL      go to state 30
  LIT_MATRIX    go to state 32

state 49

  36) EXPRESION : EXPRESION "+" _ EXPRESION

  ident         shift, and go to state 37
  num           shift, and go to state 33
  caracter      shift, and go to state 31
  "-"           shift, and go to state 25
  "not"         shift, and go to state 26
  "#"           shift, and go to state 27
  "$"           shift, and go to state 28
  "("           shift, and go to state 24
  "True"        shift, and go to state 34
  "False"       shift, and go to state 35
  "{"           shift, and go to state 36

  LITERAL       go to state 22
  VARIABLE      go to state 23
  EXPRESION     go to state 85
  LIT_INT       go to state 29
  LIT_BOOL      go to state 30
  LIT_MATRIX    go to state 32

state 50

  37) EXPRESION : EXPRESION "-" _ EXPRESION

  ident         shift, and go to state 37
  num           shift, and go to state 33
  caracter      shift, and go to state 31
  "-"           shift, and go to state 25
  "not"         shift, and go to state 26
  "#"           shift, and go to state 27
  "$"           shift, and go to state 28
  "("           shift, and go to state 24
  "True"        shift, and go to state 34
  "False"       shift, and go to state 35
  "{"           shift, and go to state 36

  LITERAL       go to state 22
  VARIABLE      go to state 23
  EXPRESION     go to state 86
  LIT_INT       go to state 29
  LIT_BOOL      go to state 30
  LIT_MATRIX    go to state 32

state 51

  38) EXPRESION : EXPRESION "*" _ EXPRESION

  ident         shift, and go to state 37
  num           shift, and go to state 33
  caracter      shift, and go to state 31
  "-"           shift, and go to state 25
  "not"         shift, and go to state 26
  "#"           shift, and go to state 27
  "$"           shift, and go to state 28
  "("           shift, and go to state 24
  "True"        shift, and go to state 34
  "False"       shift, and go to state 35
  "{"           shift, and go to state 36

  LITERAL       go to state 22
  VARIABLE      go to state 23
  EXPRESION     go to state 87
  LIT_INT       go to state 29
  LIT_BOOL      go to state 30
  LIT_MATRIX    go to state 32

state 52

  39) EXPRESION : EXPRESION "/" _ EXPRESION

  ident         shift, and go to state 37
  num           shift, and go to state 33
  caracter      shift, and go to state 31
  "-"           shift, and go to state 25
  "not"         shift, and go to state 26
  "#"           shift, and go to state 27
  "$"           shift, and go to state 28
  "("           shift, and go to state 24
  "True"        shift, and go to state 34
  "False"       shift, and go to state 35
  "{"           shift, and go to state 36

  LITERAL       go to state 22
  VARIABLE      go to state 23
  EXPRESION     go to state 88
  LIT_INT       go to state 29
  LIT_BOOL      go to state 30
  LIT_MATRIX    go to state 32

state 53

  40) EXPRESION : EXPRESION "%" _ EXPRESION

  ident         shift, and go to state 37
  num           shift, and go to state 33
  caracter      shift, and go to state 31
  "-"           shift, and go to state 25
  "not"         shift, and go to state 26
  "#"           shift, and go to state 27
  "$"           shift, and go to state 28
  "("           shift, and go to state 24
  "True"        shift, and go to state 34
  "False"       shift, and go to state 35
  "{"           shift, and go to state 36

  LITERAL       go to state 22
  VARIABLE      go to state 23
  EXPRESION     go to state 89
  LIT_INT       go to state 29
  LIT_BOOL      go to state 30
  LIT_MATRIX    go to state 32

state 54

  42) EXPRESION : EXPRESION "/\\" _ EXPRESION

  ident         shift, and go to state 37
  num           shift, and go to state 33
  caracter      shift, and go to state 31
  "-"           shift, and go to state 25
  "not"         shift, and go to state 26
  "#"           shift, and go to state 27
  "$"           shift, and go to state 28
  "("           shift, and go to state 24
  "True"        shift, and go to state 34
  "False"       shift, and go to state 35
  "{"           shift, and go to state 36

  LITERAL       go to state 22
  VARIABLE      go to state 23
  EXPRESION     go to state 90
  LIT_INT       go to state 29
  LIT_BOOL      go to state 30
  LIT_MATRIX    go to state 32

state 55

  43) EXPRESION : EXPRESION "\\/" _ EXPRESION

  ident         shift, and go to state 37
  num           shift, and go to state 33
  caracter      shift, and go to state 31
  "-"           shift, and go to state 25
  "not"         shift, and go to state 26
  "#"           shift, and go to state 27
  "$"           shift, and go to state 28
  "("           shift, and go to state 24
  "True"        shift, and go to state 34
  "False"       shift, and go to state 35
  "{"           shift, and go to state 36

  LITERAL       go to state 22
  VARIABLE      go to state 23
  EXPRESION     go to state 91
  LIT_INT       go to state 29
  LIT_BOOL      go to state 30
  LIT_MATRIX    go to state 32

state 56

  45) EXPRESION : EXPRESION "++" _

  $default      reduce using rule 45 (EXPRESION)


state 57

  46) EXPRESION : EXPRESION "--" _

  $default      reduce using rule 46 (EXPRESION)


state 58

  48) EXPRESION : EXPRESION "::" _ EXPRESION

  ident         shift, and go to state 37
  num           shift, and go to state 33
  caracter      shift, and go to state 31
  "-"           shift, and go to state 25
  "not"         shift, and go to state 26
  "#"           shift, and go to state 27
  "$"           shift, and go to state 28
  "("           shift, and go to state 24
  "True"        shift, and go to state 34
  "False"       shift, and go to state 35
  "{"           shift, and go to state 36

  LITERAL       go to state 22
  VARIABLE      go to state 23
  EXPRESION     go to state 92
  LIT_INT       go to state 29
  LIT_BOOL      go to state 30
  LIT_MATRIX    go to state 32

state 59

  50) EXPRESION : EXPRESION "?" _

  $default      reduce using rule 50 (EXPRESION)


state 60

  51) EXPRESION : EXPRESION INDEX _

  $default      reduce using rule 51 (EXPRESION)


state 61

  52) EXPRESION : EXPRESION "<" _ EXPRESION

  ident         shift, and go to state 37
  num           shift, and go to state 33
  caracter      shift, and go to state 31
  "-"           shift, and go to state 25
  "not"         shift, and go to state 26
  "#"           shift, and go to state 27
  "$"           shift, and go to state 28
  "("           shift, and go to state 24
  "True"        shift, and go to state 34
  "False"       shift, and go to state 35
  "{"           shift, and go to state 36

  LITERAL       go to state 22
  VARIABLE      go to state 23
  EXPRESION     go to state 93
  LIT_INT       go to state 29
  LIT_BOOL      go to state 30
  LIT_MATRIX    go to state 32

state 62

  53) EXPRESION : EXPRESION "<=" _ EXPRESION

  ident         shift, and go to state 37
  num           shift, and go to state 33
  caracter      shift, and go to state 31
  "-"           shift, and go to state 25
  "not"         shift, and go to state 26
  "#"           shift, and go to state 27
  "$"           shift, and go to state 28
  "("           shift, and go to state 24
  "True"        shift, and go to state 34
  "False"       shift, and go to state 35
  "{"           shift, and go to state 36

  LITERAL       go to state 22
  VARIABLE      go to state 23
  EXPRESION     go to state 94
  LIT_INT       go to state 29
  LIT_BOOL      go to state 30
  LIT_MATRIX    go to state 32

state 63

  54) EXPRESION : EXPRESION ">" _ EXPRESION

  ident         shift, and go to state 37
  num           shift, and go to state 33
  caracter      shift, and go to state 31
  "-"           shift, and go to state 25
  "not"         shift, and go to state 26
  "#"           shift, and go to state 27
  "$"           shift, and go to state 28
  "("           shift, and go to state 24
  "True"        shift, and go to state 34
  "False"       shift, and go to state 35
  "{"           shift, and go to state 36

  LITERAL       go to state 22
  VARIABLE      go to state 23
  EXPRESION     go to state 95
  LIT_INT       go to state 29
  LIT_BOOL      go to state 30
  LIT_MATRIX    go to state 32

state 64

  55) EXPRESION : EXPRESION ">=" _ EXPRESION

  ident         shift, and go to state 37
  num           shift, and go to state 33
  caracter      shift, and go to state 31
  "-"           shift, and go to state 25
  "not"         shift, and go to state 26
  "#"           shift, and go to state 27
  "$"           shift, and go to state 28
  "("           shift, and go to state 24
  "True"        shift, and go to state 34
  "False"       shift, and go to state 35
  "{"           shift, and go to state 36

  LITERAL       go to state 22
  VARIABLE      go to state 23
  EXPRESION     go to state 96
  LIT_INT       go to state 29
  LIT_BOOL      go to state 30
  LIT_MATRIX    go to state 32

state 65

  56) EXPRESION : EXPRESION "=" _ EXPRESION

  ident         shift, and go to state 37
  num           shift, and go to state 33
  caracter      shift, and go to state 31
  "-"           shift, and go to state 25
  "not"         shift, and go to state 26
  "#"           shift, and go to state 27
  "$"           shift, and go to state 28
  "("           shift, and go to state 24
  "True"        shift, and go to state 34
  "False"       shift, and go to state 35
  "{"           shift, and go to state 36

  LITERAL       go to state 22
  VARIABLE      go to state 23
  EXPRESION     go to state 97
  LIT_INT       go to state 29
  LIT_BOOL      go to state 30
  LIT_MATRIX    go to state 32

state 66

  57) EXPRESION : EXPRESION "/=" _ EXPRESION

  ident         shift, and go to state 37
  num           shift, and go to state 33
  caracter      shift, and go to state 31
  "-"           shift, and go to state 25
  "not"         shift, and go to state 26
  "#"           shift, and go to state 27
  "$"           shift, and go to state 28
  "("           shift, and go to state 24
  "True"        shift, and go to state 34
  "False"       shift, and go to state 35
  "{"           shift, and go to state 36

  LITERAL       go to state 22
  VARIABLE      go to state 23
  EXPRESION     go to state 98
  LIT_INT       go to state 29
  LIT_BOOL      go to state 30
  LIT_MATRIX    go to state 32

state 67

  67) INDEX : "[" _ DIMENSION "]"

  ident         shift, and go to state 37
  num           shift, and go to state 33
  caracter      shift, and go to state 31
  "-"           shift, and go to state 25
  "not"         shift, and go to state 26
  "#"           shift, and go to state 27
  "$"           shift, and go to state 28
  "("           shift, and go to state 24
  "True"        shift, and go to state 34
  "False"       shift, and go to state 35
  "{"           shift, and go to state 36

  DIMENSION     go to state 99
  EXPRESION     go to state 79
  LITERAL       go to state 22
  VARIABLE      go to state 23
  LIT_INT       go to state 29
  LIT_BOOL      go to state 30
  LIT_MATRIX    go to state 32

state 68

  24) CONDICIONAL : "if" EXPRESION _ "->" INSTRUCCION_GENERAL CONDICIONAL_CONT
  36) EXPRESION : EXPRESION _ "+" EXPRESION
  37) EXPRESION : EXPRESION _ "-" EXPRESION
  38) EXPRESION : EXPRESION _ "*" EXPRESION
  39) EXPRESION : EXPRESION _ "/" EXPRESION
  40) EXPRESION : EXPRESION _ "%" EXPRESION
  42) EXPRESION : EXPRESION _ "/\\" EXPRESION
  43) EXPRESION : EXPRESION _ "\\/" EXPRESION
  45) EXPRESION : EXPRESION _ "++"
  46) EXPRESION : EXPRESION _ "--"
  48) EXPRESION : EXPRESION _ "::" EXPRESION
  50) EXPRESION : EXPRESION _ "?"
  51) EXPRESION : EXPRESION _ INDEX
  52) EXPRESION : EXPRESION _ "<" EXPRESION
  53) EXPRESION : EXPRESION _ "<=" EXPRESION
  54) EXPRESION : EXPRESION _ ">" EXPRESION
  55) EXPRESION : EXPRESION _ ">=" EXPRESION
  56) EXPRESION : EXPRESION _ "=" EXPRESION
  57) EXPRESION : EXPRESION _ "/=" EXPRESION

  "*"           shift, and go to state 51
  "/"           shift, and go to state 52
  "%"           shift, and go to state 53
  "+"           shift, and go to state 49
  "-"           shift, and go to state 50
  "/\\"         shift, and go to state 54
  "\\/"         shift, and go to state 55
  "++"          shift, and go to state 56
  "--"          shift, and go to state 57
  "["           shift, and go to state 67
  "::"          shift, and go to state 58
  "?"           shift, and go to state 59
  "<"           shift, and go to state 61
  "<="          shift, and go to state 62
  ">"           shift, and go to state 63
  ">="          shift, and go to state 64
  "="           shift, and go to state 65
  "/="          shift, and go to state 66
  "->"          shift, and go to state 100

  INDEX         go to state 60

state 69

  27) REPETICION_DET : "for" VARIABLE _ "from" EXPRESION "to" EXPRESION REPETICION_DET_CONT

  "from"        shift, and go to state 101


state 70

  30) REPETICION_INDET : "while" EXPRESION _ "->" INSTRUCCION_GENERAL "end"
  36) EXPRESION : EXPRESION _ "+" EXPRESION
  37) EXPRESION : EXPRESION _ "-" EXPRESION
  38) EXPRESION : EXPRESION _ "*" EXPRESION
  39) EXPRESION : EXPRESION _ "/" EXPRESION
  40) EXPRESION : EXPRESION _ "%" EXPRESION
  42) EXPRESION : EXPRESION _ "/\\" EXPRESION
  43) EXPRESION : EXPRESION _ "\\/" EXPRESION
  45) EXPRESION : EXPRESION _ "++"
  46) EXPRESION : EXPRESION _ "--"
  48) EXPRESION : EXPRESION _ "::" EXPRESION
  50) EXPRESION : EXPRESION _ "?"
  51) EXPRESION : EXPRESION _ INDEX
  52) EXPRESION : EXPRESION _ "<" EXPRESION
  53) EXPRESION : EXPRESION _ "<=" EXPRESION
  54) EXPRESION : EXPRESION _ ">" EXPRESION
  55) EXPRESION : EXPRESION _ ">=" EXPRESION
  56) EXPRESION : EXPRESION _ "=" EXPRESION
  57) EXPRESION : EXPRESION _ "/=" EXPRESION

  "*"           shift, and go to state 51
  "/"           shift, and go to state 52
  "%"           shift, and go to state 53
  "+"           shift, and go to state 49
  "-"           shift, and go to state 50
  "/\\"         shift, and go to state 54
  "\\/"         shift, and go to state 55
  "++"          shift, and go to state 56
  "--"          shift, and go to state 57
  "["           shift, and go to state 67
  "::"          shift, and go to state 58
  "?"           shift, and go to state 59
  "<"           shift, and go to state 61
  "<="          shift, and go to state 62
  ">"           shift, and go to state 63
  ">="          shift, and go to state 64
  "="           shift, and go to state 65
  "/="          shift, and go to state 66
  "->"          shift, and go to state 102

  INDEX         go to state 60

state 71

  31) I_O : "read" VARIABLE _

  $default      reduce using rule 31 (I_O)


state 72

  32) I_O : "print" EXPRESION _
  36) EXPRESION : EXPRESION _ "+" EXPRESION
  37) EXPRESION : EXPRESION _ "-" EXPRESION
  38) EXPRESION : EXPRESION _ "*" EXPRESION
  39) EXPRESION : EXPRESION _ "/" EXPRESION
  40) EXPRESION : EXPRESION _ "%" EXPRESION
  42) EXPRESION : EXPRESION _ "/\\" EXPRESION
  43) EXPRESION : EXPRESION _ "\\/" EXPRESION
  45) EXPRESION : EXPRESION _ "++"
  46) EXPRESION : EXPRESION _ "--"
  48) EXPRESION : EXPRESION _ "::" EXPRESION
  50) EXPRESION : EXPRESION _ "?"
  51) EXPRESION : EXPRESION _ INDEX
  52) EXPRESION : EXPRESION _ "<" EXPRESION
  53) EXPRESION : EXPRESION _ "<=" EXPRESION
  54) EXPRESION : EXPRESION _ ">" EXPRESION
  55) EXPRESION : EXPRESION _ ">=" EXPRESION
  56) EXPRESION : EXPRESION _ "=" EXPRESION
  57) EXPRESION : EXPRESION _ "/=" EXPRESION

  "*"           shift, and go to state 51
  "/"           shift, and go to state 52
  "%"           shift, and go to state 53
  "+"           shift, and go to state 49
  "-"           shift, and go to state 50
  "/\\"         shift, and go to state 54
  "\\/"         shift, and go to state 55
  "++"          shift, and go to state 56
  "--"          shift, and go to state 57
  "["           shift, and go to state 67
  "::"          shift, and go to state 58
  "?"           shift, and go to state 59
  "<"           shift, and go to state 61
  "<="          shift, and go to state 62
  ">"           shift, and go to state 63
  ">="          shift, and go to state 64
  "="           shift, and go to state 65
  "/="          shift, and go to state 66
  $default      reduce using rule 32 (I_O)

  INDEX         go to state 60

state 73

  35) EXPRESION : "(" EXPRESION _ ")"
  36) EXPRESION : EXPRESION _ "+" EXPRESION
  37) EXPRESION : EXPRESION _ "-" EXPRESION
  38) EXPRESION : EXPRESION _ "*" EXPRESION
  39) EXPRESION : EXPRESION _ "/" EXPRESION
  40) EXPRESION : EXPRESION _ "%" EXPRESION
  42) EXPRESION : EXPRESION _ "/\\" EXPRESION
  43) EXPRESION : EXPRESION _ "\\/" EXPRESION
  45) EXPRESION : EXPRESION _ "++"
  46) EXPRESION : EXPRESION _ "--"
  48) EXPRESION : EXPRESION _ "::" EXPRESION
  50) EXPRESION : EXPRESION _ "?"
  51) EXPRESION : EXPRESION _ INDEX
  52) EXPRESION : EXPRESION _ "<" EXPRESION
  53) EXPRESION : EXPRESION _ "<=" EXPRESION
  54) EXPRESION : EXPRESION _ ">" EXPRESION
  55) EXPRESION : EXPRESION _ ">=" EXPRESION
  56) EXPRESION : EXPRESION _ "=" EXPRESION
  57) EXPRESION : EXPRESION _ "/=" EXPRESION

  "*"           shift, and go to state 51
  "/"           shift, and go to state 52
  "%"           shift, and go to state 53
  "+"           shift, and go to state 49
  "-"           shift, and go to state 50
  "/\\"         shift, and go to state 54
  "\\/"         shift, and go to state 55
  "++"          shift, and go to state 56
  "--"          shift, and go to state 57
  "["           shift, and go to state 67
  "::"          shift, and go to state 58
  "?"           shift, and go to state 59
  "<"           shift, and go to state 61
  "<="          shift, and go to state 62
  ">"           shift, and go to state 63
  ">="          shift, and go to state 64
  "="           shift, and go to state 65
  "/="          shift, and go to state 66
  ")"           shift, and go to state 103

  INDEX         go to state 60

state 74

  36) EXPRESION : EXPRESION _ "+" EXPRESION
  37) EXPRESION : EXPRESION _ "-" EXPRESION
  38) EXPRESION : EXPRESION _ "*" EXPRESION
  39) EXPRESION : EXPRESION _ "/" EXPRESION
  40) EXPRESION : EXPRESION _ "%" EXPRESION
  41) EXPRESION : "-" EXPRESION _
  42) EXPRESION : EXPRESION _ "/\\" EXPRESION
  43) EXPRESION : EXPRESION _ "\\/" EXPRESION
  45) EXPRESION : EXPRESION _ "++"
  46) EXPRESION : EXPRESION _ "--"
  48) EXPRESION : EXPRESION _ "::" EXPRESION
  50) EXPRESION : EXPRESION _ "?"
  51) EXPRESION : EXPRESION _ INDEX
  52) EXPRESION : EXPRESION _ "<" EXPRESION
  53) EXPRESION : EXPRESION _ "<=" EXPRESION
  54) EXPRESION : EXPRESION _ ">" EXPRESION
  55) EXPRESION : EXPRESION _ ">=" EXPRESION
  56) EXPRESION : EXPRESION _ "=" EXPRESION
  57) EXPRESION : EXPRESION _ "/=" EXPRESION

  $default      reduce using rule 41 (EXPRESION)

  INDEX         go to state 60

state 75

  36) EXPRESION : EXPRESION _ "+" EXPRESION
  37) EXPRESION : EXPRESION _ "-" EXPRESION
  38) EXPRESION : EXPRESION _ "*" EXPRESION
  39) EXPRESION : EXPRESION _ "/" EXPRESION
  40) EXPRESION : EXPRESION _ "%" EXPRESION
  42) EXPRESION : EXPRESION _ "/\\" EXPRESION
  43) EXPRESION : EXPRESION _ "\\/" EXPRESION
  44) EXPRESION : "not" EXPRESION _
  45) EXPRESION : EXPRESION _ "++"
  46) EXPRESION : EXPRESION _ "--"
  48) EXPRESION : EXPRESION _ "::" EXPRESION
  50) EXPRESION : EXPRESION _ "?"
  51) EXPRESION : EXPRESION _ INDEX
  52) EXPRESION : EXPRESION _ "<" EXPRESION
  53) EXPRESION : EXPRESION _ "<=" EXPRESION
  54) EXPRESION : EXPRESION _ ">" EXPRESION
  55) EXPRESION : EXPRESION _ ">=" EXPRESION
  56) EXPRESION : EXPRESION _ "=" EXPRESION
  57) EXPRESION : EXPRESION _ "/=" EXPRESION

  "*"           shift, and go to state 51
  "/"           shift, and go to state 52
  "%"           shift, and go to state 53
  "+"           shift, and go to state 49
  "-"           shift, and go to state 50
  $default      reduce using rule 44 (EXPRESION)

  INDEX         go to state 60

state 76

  36) EXPRESION : EXPRESION _ "+" EXPRESION
  37) EXPRESION : EXPRESION _ "-" EXPRESION
  38) EXPRESION : EXPRESION _ "*" EXPRESION
  39) EXPRESION : EXPRESION _ "/" EXPRESION
  40) EXPRESION : EXPRESION _ "%" EXPRESION
  42) EXPRESION : EXPRESION _ "/\\" EXPRESION
  43) EXPRESION : EXPRESION _ "\\/" EXPRESION
  45) EXPRESION : EXPRESION _ "++"
  46) EXPRESION : EXPRESION _ "--"
  47) EXPRESION : "#" EXPRESION _
  48) EXPRESION : EXPRESION _ "::" EXPRESION
  50) EXPRESION : EXPRESION _ "?"
  51) EXPRESION : EXPRESION _ INDEX
  52) EXPRESION : EXPRESION _ "<" EXPRESION
  53) EXPRESION : EXPRESION _ "<=" EXPRESION
  54) EXPRESION : EXPRESION _ ">" EXPRESION
  55) EXPRESION : EXPRESION _ ">=" EXPRESION
  56) EXPRESION : EXPRESION _ "=" EXPRESION
  57) EXPRESION : EXPRESION _ "/=" EXPRESION

  "*"           shift, and go to state 51
  "/"           shift, and go to state 52
  "%"           shift, and go to state 53
  "+"           shift, and go to state 49
  "-"           shift, and go to state 50
  "/\\"         shift, and go to state 54
  "\\/"         shift, and go to state 55
  "++"          shift, and go to state 56
  "--"          shift, and go to state 57
  $default      reduce using rule 47 (EXPRESION)

  INDEX         go to state 60

state 77

  36) EXPRESION : EXPRESION _ "+" EXPRESION
  37) EXPRESION : EXPRESION _ "-" EXPRESION
  38) EXPRESION : EXPRESION _ "*" EXPRESION
  39) EXPRESION : EXPRESION _ "/" EXPRESION
  40) EXPRESION : EXPRESION _ "%" EXPRESION
  42) EXPRESION : EXPRESION _ "/\\" EXPRESION
  43) EXPRESION : EXPRESION _ "\\/" EXPRESION
  45) EXPRESION : EXPRESION _ "++"
  46) EXPRESION : EXPRESION _ "--"
  48) EXPRESION : EXPRESION _ "::" EXPRESION
  49) EXPRESION : "$" EXPRESION _
  50) EXPRESION : EXPRESION _ "?"
  51) EXPRESION : EXPRESION _ INDEX
  52) EXPRESION : EXPRESION _ "<" EXPRESION
  53) EXPRESION : EXPRESION _ "<=" EXPRESION
  54) EXPRESION : EXPRESION _ ">" EXPRESION
  55) EXPRESION : EXPRESION _ ">=" EXPRESION
  56) EXPRESION : EXPRESION _ "=" EXPRESION
  57) EXPRESION : EXPRESION _ "/=" EXPRESION

  "*"           shift, and go to state 51
  "/"           shift, and go to state 52
  "%"           shift, and go to state 53
  "+"           shift, and go to state 49
  "-"           shift, and go to state 50
  "/\\"         shift, and go to state 54
  "\\/"         shift, and go to state 55
  "++"          shift, and go to state 56
  "--"          shift, and go to state 57
  "["           shift, and go to state 67
  "::"          shift, and go to state 58
  $default      reduce using rule 49 (EXPRESION)

  INDEX         go to state 60

state 78

  12) DIMENSION : DIMENSION _ "," EXPRESION
  65) LIT_MATRIX : "{" DIMENSION _ "}"

  ","           shift, and go to state 104
  "}"           shift, and go to state 105


state 79

  13) DIMENSION : EXPRESION _
  36) EXPRESION : EXPRESION _ "+" EXPRESION
  37) EXPRESION : EXPRESION _ "-" EXPRESION
  38) EXPRESION : EXPRESION _ "*" EXPRESION
  39) EXPRESION : EXPRESION _ "/" EXPRESION
  40) EXPRESION : EXPRESION _ "%" EXPRESION
  42) EXPRESION : EXPRESION _ "/\\" EXPRESION
  43) EXPRESION : EXPRESION _ "\\/" EXPRESION
  45) EXPRESION : EXPRESION _ "++"
  46) EXPRESION : EXPRESION _ "--"
  48) EXPRESION : EXPRESION _ "::" EXPRESION
  50) EXPRESION : EXPRESION _ "?"
  51) EXPRESION : EXPRESION _ INDEX
  52) EXPRESION : EXPRESION _ "<" EXPRESION
  53) EXPRESION : EXPRESION _ "<=" EXPRESION
  54) EXPRESION : EXPRESION _ ">" EXPRESION
  55) EXPRESION : EXPRESION _ ">=" EXPRESION
  56) EXPRESION : EXPRESION _ "=" EXPRESION
  57) EXPRESION : EXPRESION _ "/=" EXPRESION

  "*"           shift, and go to state 51
  "/"           shift, and go to state 52
  "%"           shift, and go to state 53
  "+"           shift, and go to state 49
  "-"           shift, and go to state 50
  "/\\"         shift, and go to state 54
  "\\/"         shift, and go to state 55
  "++"          shift, and go to state 56
  "--"          shift, and go to state 57
  "["           shift, and go to state 67
  "::"          shift, and go to state 58
  "?"           shift, and go to state 59
  "<"           shift, and go to state 61
  "<="          shift, and go to state 62
  ">"           shift, and go to state 63
  ">="          shift, and go to state 64
  "="           shift, and go to state 65
  "/="          shift, and go to state 66
  $default      reduce using rule 13 (DIMENSION)

  INDEX         go to state 60

state 80

   1) INICIAL : "with" LISTA_DECLARACION "begin" INSTRUCCION_GENERAL _ "end"
  16) SECUENCIACION : INSTRUCCION_GENERAL _ INSTRUCCION

  ident         shift, and go to state 37
  num           shift, and go to state 33
  caracter      shift, and go to state 31
  "-"           shift, and go to state 25
  "not"         shift, and go to state 26
  "#"           shift, and go to state 27
  "$"           shift, and go to state 28
  "with"        shift, and go to state 2
  "begin"       shift, and go to state 3
  "end"         shift, and go to state 106
  "if"          shift, and go to state 17
  "for"         shift, and go to state 18
  "while"       shift, and go to state 19
  "read"        shift, and go to state 20
  "print"       shift, and go to state 21
  "("           shift, and go to state 24
  "True"        shift, and go to state 34
  "False"       shift, and go to state 35
  "{"           shift, and go to state 36

  INSTRUCCION   go to state 45
  ASIGNACION    go to state 10
  I_O           go to state 11
  CONDICIONAL   go to state 12
  REPETICION_DET  go to state 13
  REPETICION_INDET  go to state 14
  INICIAL       go to state 15
  EXPRESION     go to state 16
  LITERAL       go to state 22
  VARIABLE      go to state 23
  LIT_INT       go to state 29
  LIT_BOOL      go to state 30
  LIT_MATRIX    go to state 32

state 81

   3) LISTA_DECLARACION : LISTA_DECLARACION "var" LISTA_IDENT _ ":" TIPO
   5) LISTA_IDENT : LISTA_IDENT _ "," VARIABLE

  ":"           shift, and go to state 107
  ","           shift, and go to state 83


state 82

   4) LISTA_DECLARACION : "var" LISTA_IDENT ":" _ TIPO

  "int"         shift, and go to state 109
  "bool"        shift, and go to state 110
  "char"        shift, and go to state 111
  "matrix"      shift, and go to state 112

  TIPO          go to state 108

state 83

   5) LISTA_IDENT : LISTA_IDENT "," _ VARIABLE

  ident         shift, and go to state 37

  VARIABLE      go to state 113

state 84

  23) ASIGNACION : EXPRESION "<-" EXPRESION _
  36) EXPRESION : EXPRESION _ "+" EXPRESION
  37) EXPRESION : EXPRESION _ "-" EXPRESION
  38) EXPRESION : EXPRESION _ "*" EXPRESION
  39) EXPRESION : EXPRESION _ "/" EXPRESION
  40) EXPRESION : EXPRESION _ "%" EXPRESION
  42) EXPRESION : EXPRESION _ "/\\" EXPRESION
  43) EXPRESION : EXPRESION _ "\\/" EXPRESION
  45) EXPRESION : EXPRESION _ "++"
  46) EXPRESION : EXPRESION _ "--"
  48) EXPRESION : EXPRESION _ "::" EXPRESION
  50) EXPRESION : EXPRESION _ "?"
  51) EXPRESION : EXPRESION _ INDEX
  52) EXPRESION : EXPRESION _ "<" EXPRESION
  53) EXPRESION : EXPRESION _ "<=" EXPRESION
  54) EXPRESION : EXPRESION _ ">" EXPRESION
  55) EXPRESION : EXPRESION _ ">=" EXPRESION
  56) EXPRESION : EXPRESION _ "=" EXPRESION
  57) EXPRESION : EXPRESION _ "/=" EXPRESION

  "*"           shift, and go to state 51
  "/"           shift, and go to state 52
  "%"           shift, and go to state 53
  "+"           shift, and go to state 49
  "-"           shift, and go to state 50
  "/\\"         shift, and go to state 54
  "\\/"         shift, and go to state 55
  "++"          shift, and go to state 56
  "--"          shift, and go to state 57
  "["           shift, and go to state 67
  "::"          shift, and go to state 58
  "?"           shift, and go to state 59
  "<"           shift, and go to state 61
  "<="          shift, and go to state 62
  ">"           shift, and go to state 63
  ">="          shift, and go to state 64
  "="           shift, and go to state 65
  "/="          shift, and go to state 66
  $default      reduce using rule 23 (ASIGNACION)

  INDEX         go to state 60

state 85

  36) EXPRESION : EXPRESION _ "+" EXPRESION
  36) EXPRESION : EXPRESION "+" EXPRESION _
  37) EXPRESION : EXPRESION _ "-" EXPRESION
  38) EXPRESION : EXPRESION _ "*" EXPRESION
  39) EXPRESION : EXPRESION _ "/" EXPRESION
  40) EXPRESION : EXPRESION _ "%" EXPRESION
  42) EXPRESION : EXPRESION _ "/\\" EXPRESION
  43) EXPRESION : EXPRESION _ "\\/" EXPRESION
  45) EXPRESION : EXPRESION _ "++"
  46) EXPRESION : EXPRESION _ "--"
  48) EXPRESION : EXPRESION _ "::" EXPRESION
  50) EXPRESION : EXPRESION _ "?"
  51) EXPRESION : EXPRESION _ INDEX
  52) EXPRESION : EXPRESION _ "<" EXPRESION
  53) EXPRESION : EXPRESION _ "<=" EXPRESION
  54) EXPRESION : EXPRESION _ ">" EXPRESION
  55) EXPRESION : EXPRESION _ ">=" EXPRESION
  56) EXPRESION : EXPRESION _ "=" EXPRESION
  57) EXPRESION : EXPRESION _ "/=" EXPRESION

  "*"           shift, and go to state 51
  "/"           shift, and go to state 52
  "%"           shift, and go to state 53
  $default      reduce using rule 36 (EXPRESION)

  INDEX         go to state 60

state 86

  36) EXPRESION : EXPRESION _ "+" EXPRESION
  37) EXPRESION : EXPRESION _ "-" EXPRESION
  37) EXPRESION : EXPRESION "-" EXPRESION _
  38) EXPRESION : EXPRESION _ "*" EXPRESION
  39) EXPRESION : EXPRESION _ "/" EXPRESION
  40) EXPRESION : EXPRESION _ "%" EXPRESION
  42) EXPRESION : EXPRESION _ "/\\" EXPRESION
  43) EXPRESION : EXPRESION _ "\\/" EXPRESION
  45) EXPRESION : EXPRESION _ "++"
  46) EXPRESION : EXPRESION _ "--"
  48) EXPRESION : EXPRESION _ "::" EXPRESION
  50) EXPRESION : EXPRESION _ "?"
  51) EXPRESION : EXPRESION _ INDEX
  52) EXPRESION : EXPRESION _ "<" EXPRESION
  53) EXPRESION : EXPRESION _ "<=" EXPRESION
  54) EXPRESION : EXPRESION _ ">" EXPRESION
  55) EXPRESION : EXPRESION _ ">=" EXPRESION
  56) EXPRESION : EXPRESION _ "=" EXPRESION
  57) EXPRESION : EXPRESION _ "/=" EXPRESION

  "*"           shift, and go to state 51
  "/"           shift, and go to state 52
  "%"           shift, and go to state 53
  $default      reduce using rule 37 (EXPRESION)

  INDEX         go to state 60

state 87

  36) EXPRESION : EXPRESION _ "+" EXPRESION
  37) EXPRESION : EXPRESION _ "-" EXPRESION
  38) EXPRESION : EXPRESION _ "*" EXPRESION
  38) EXPRESION : EXPRESION "*" EXPRESION _
  39) EXPRESION : EXPRESION _ "/" EXPRESION
  40) EXPRESION : EXPRESION _ "%" EXPRESION
  42) EXPRESION : EXPRESION _ "/\\" EXPRESION
  43) EXPRESION : EXPRESION _ "\\/" EXPRESION
  45) EXPRESION : EXPRESION _ "++"
  46) EXPRESION : EXPRESION _ "--"
  48) EXPRESION : EXPRESION _ "::" EXPRESION
  50) EXPRESION : EXPRESION _ "?"
  51) EXPRESION : EXPRESION _ INDEX
  52) EXPRESION : EXPRESION _ "<" EXPRESION
  53) EXPRESION : EXPRESION _ "<=" EXPRESION
  54) EXPRESION : EXPRESION _ ">" EXPRESION
  55) EXPRESION : EXPRESION _ ">=" EXPRESION
  56) EXPRESION : EXPRESION _ "=" EXPRESION
  57) EXPRESION : EXPRESION _ "/=" EXPRESION

  $default      reduce using rule 38 (EXPRESION)

  INDEX         go to state 60

state 88

  36) EXPRESION : EXPRESION _ "+" EXPRESION
  37) EXPRESION : EXPRESION _ "-" EXPRESION
  38) EXPRESION : EXPRESION _ "*" EXPRESION
  39) EXPRESION : EXPRESION _ "/" EXPRESION
  39) EXPRESION : EXPRESION "/" EXPRESION _
  40) EXPRESION : EXPRESION _ "%" EXPRESION
  42) EXPRESION : EXPRESION _ "/\\" EXPRESION
  43) EXPRESION : EXPRESION _ "\\/" EXPRESION
  45) EXPRESION : EXPRESION _ "++"
  46) EXPRESION : EXPRESION _ "--"
  48) EXPRESION : EXPRESION _ "::" EXPRESION
  50) EXPRESION : EXPRESION _ "?"
  51) EXPRESION : EXPRESION _ INDEX
  52) EXPRESION : EXPRESION _ "<" EXPRESION
  53) EXPRESION : EXPRESION _ "<=" EXPRESION
  54) EXPRESION : EXPRESION _ ">" EXPRESION
  55) EXPRESION : EXPRESION _ ">=" EXPRESION
  56) EXPRESION : EXPRESION _ "=" EXPRESION
  57) EXPRESION : EXPRESION _ "/=" EXPRESION

  $default      reduce using rule 39 (EXPRESION)

  INDEX         go to state 60

state 89

  36) EXPRESION : EXPRESION _ "+" EXPRESION
  37) EXPRESION : EXPRESION _ "-" EXPRESION
  38) EXPRESION : EXPRESION _ "*" EXPRESION
  39) EXPRESION : EXPRESION _ "/" EXPRESION
  40) EXPRESION : EXPRESION _ "%" EXPRESION
  40) EXPRESION : EXPRESION "%" EXPRESION _
  42) EXPRESION : EXPRESION _ "/\\" EXPRESION
  43) EXPRESION : EXPRESION _ "\\/" EXPRESION
  45) EXPRESION : EXPRESION _ "++"
  46) EXPRESION : EXPRESION _ "--"
  48) EXPRESION : EXPRESION _ "::" EXPRESION
  50) EXPRESION : EXPRESION _ "?"
  51) EXPRESION : EXPRESION _ INDEX
  52) EXPRESION : EXPRESION _ "<" EXPRESION
  53) EXPRESION : EXPRESION _ "<=" EXPRESION
  54) EXPRESION : EXPRESION _ ">" EXPRESION
  55) EXPRESION : EXPRESION _ ">=" EXPRESION
  56) EXPRESION : EXPRESION _ "=" EXPRESION
  57) EXPRESION : EXPRESION _ "/=" EXPRESION

  $default      reduce using rule 40 (EXPRESION)

  INDEX         go to state 60

state 90

  36) EXPRESION : EXPRESION _ "+" EXPRESION
  37) EXPRESION : EXPRESION _ "-" EXPRESION
  38) EXPRESION : EXPRESION _ "*" EXPRESION
  39) EXPRESION : EXPRESION _ "/" EXPRESION
  40) EXPRESION : EXPRESION _ "%" EXPRESION
  42) EXPRESION : EXPRESION _ "/\\" EXPRESION
  42) EXPRESION : EXPRESION "/\\" EXPRESION _
  43) EXPRESION : EXPRESION _ "\\/" EXPRESION
  45) EXPRESION : EXPRESION _ "++"
  46) EXPRESION : EXPRESION _ "--"
  48) EXPRESION : EXPRESION _ "::" EXPRESION
  50) EXPRESION : EXPRESION _ "?"
  51) EXPRESION : EXPRESION _ INDEX
  52) EXPRESION : EXPRESION _ "<" EXPRESION
  53) EXPRESION : EXPRESION _ "<=" EXPRESION
  54) EXPRESION : EXPRESION _ ">" EXPRESION
  55) EXPRESION : EXPRESION _ ">=" EXPRESION
  56) EXPRESION : EXPRESION _ "=" EXPRESION
  57) EXPRESION : EXPRESION _ "/=" EXPRESION

  "*"           shift, and go to state 51
  "/"           shift, and go to state 52
  "%"           shift, and go to state 53
  "+"           shift, and go to state 49
  "-"           shift, and go to state 50
  $default      reduce using rule 42 (EXPRESION)

  INDEX         go to state 60

state 91

  36) EXPRESION : EXPRESION _ "+" EXPRESION
  37) EXPRESION : EXPRESION _ "-" EXPRESION
  38) EXPRESION : EXPRESION _ "*" EXPRESION
  39) EXPRESION : EXPRESION _ "/" EXPRESION
  40) EXPRESION : EXPRESION _ "%" EXPRESION
  42) EXPRESION : EXPRESION _ "/\\" EXPRESION
  43) EXPRESION : EXPRESION _ "\\/" EXPRESION
  43) EXPRESION : EXPRESION "\\/" EXPRESION _
  45) EXPRESION : EXPRESION _ "++"
  46) EXPRESION : EXPRESION _ "--"
  48) EXPRESION : EXPRESION _ "::" EXPRESION
  50) EXPRESION : EXPRESION _ "?"
  51) EXPRESION : EXPRESION _ INDEX
  52) EXPRESION : EXPRESION _ "<" EXPRESION
  53) EXPRESION : EXPRESION _ "<=" EXPRESION
  54) EXPRESION : EXPRESION _ ">" EXPRESION
  55) EXPRESION : EXPRESION _ ">=" EXPRESION
  56) EXPRESION : EXPRESION _ "=" EXPRESION
  57) EXPRESION : EXPRESION _ "/=" EXPRESION

  "*"           shift, and go to state 51
  "/"           shift, and go to state 52
  "%"           shift, and go to state 53
  "+"           shift, and go to state 49
  "-"           shift, and go to state 50
  "/\\"         shift, and go to state 54
  $default      reduce using rule 43 (EXPRESION)

  INDEX         go to state 60

state 92

  36) EXPRESION : EXPRESION _ "+" EXPRESION
  37) EXPRESION : EXPRESION _ "-" EXPRESION
  38) EXPRESION : EXPRESION _ "*" EXPRESION
  39) EXPRESION : EXPRESION _ "/" EXPRESION
  40) EXPRESION : EXPRESION _ "%" EXPRESION
  42) EXPRESION : EXPRESION _ "/\\" EXPRESION
  43) EXPRESION : EXPRESION _ "\\/" EXPRESION
  45) EXPRESION : EXPRESION _ "++"
  46) EXPRESION : EXPRESION _ "--"
  48) EXPRESION : EXPRESION _ "::" EXPRESION
  48) EXPRESION : EXPRESION "::" EXPRESION _
  50) EXPRESION : EXPRESION _ "?"
  51) EXPRESION : EXPRESION _ INDEX
  52) EXPRESION : EXPRESION _ "<" EXPRESION
  53) EXPRESION : EXPRESION _ "<=" EXPRESION
  54) EXPRESION : EXPRESION _ ">" EXPRESION
  55) EXPRESION : EXPRESION _ ">=" EXPRESION
  56) EXPRESION : EXPRESION _ "=" EXPRESION
  57) EXPRESION : EXPRESION _ "/=" EXPRESION

  "*"           shift, and go to state 51
  "/"           shift, and go to state 52
  "%"           shift, and go to state 53
  "+"           shift, and go to state 49
  "-"           shift, and go to state 50
  "/\\"         shift, and go to state 54
  "\\/"         shift, and go to state 55
  "++"          shift, and go to state 56
  "--"          shift, and go to state 57
  "["           shift, and go to state 67
  $default      reduce using rule 48 (EXPRESION)

  INDEX         go to state 60

state 93

  36) EXPRESION : EXPRESION _ "+" EXPRESION
  37) EXPRESION : EXPRESION _ "-" EXPRESION
  38) EXPRESION : EXPRESION _ "*" EXPRESION
  39) EXPRESION : EXPRESION _ "/" EXPRESION
  40) EXPRESION : EXPRESION _ "%" EXPRESION
  42) EXPRESION : EXPRESION _ "/\\" EXPRESION
  43) EXPRESION : EXPRESION _ "\\/" EXPRESION
  45) EXPRESION : EXPRESION _ "++"
  46) EXPRESION : EXPRESION _ "--"
  48) EXPRESION : EXPRESION _ "::" EXPRESION
  50) EXPRESION : EXPRESION _ "?"
  51) EXPRESION : EXPRESION _ INDEX
  52) EXPRESION : EXPRESION _ "<" EXPRESION
  52) EXPRESION : EXPRESION "<" EXPRESION _
  53) EXPRESION : EXPRESION _ "<=" EXPRESION
  54) EXPRESION : EXPRESION _ ">" EXPRESION
  55) EXPRESION : EXPRESION _ ">=" EXPRESION
  56) EXPRESION : EXPRESION _ "=" EXPRESION
  57) EXPRESION : EXPRESION _ "/=" EXPRESION

  "*"           shift, and go to state 51
  "/"           shift, and go to state 52
  "%"           shift, and go to state 53
  "+"           shift, and go to state 49
  "-"           shift, and go to state 50
  "/\\"         shift, and go to state 54
  "\\/"         shift, and go to state 55
  "++"          shift, and go to state 56
  "--"          shift, and go to state 57
  "["           shift, and go to state 67
  "::"          shift, and go to state 58
  "?"           shift, and go to state 59
  "<"           error
  "<="          error
  ">"           error
  ">="          error
  "="           error
  "/="          error
  $default      reduce using rule 52 (EXPRESION)

  INDEX         go to state 60

state 94

  36) EXPRESION : EXPRESION _ "+" EXPRESION
  37) EXPRESION : EXPRESION _ "-" EXPRESION
  38) EXPRESION : EXPRESION _ "*" EXPRESION
  39) EXPRESION : EXPRESION _ "/" EXPRESION
  40) EXPRESION : EXPRESION _ "%" EXPRESION
  42) EXPRESION : EXPRESION _ "/\\" EXPRESION
  43) EXPRESION : EXPRESION _ "\\/" EXPRESION
  45) EXPRESION : EXPRESION _ "++"
  46) EXPRESION : EXPRESION _ "--"
  48) EXPRESION : EXPRESION _ "::" EXPRESION
  50) EXPRESION : EXPRESION _ "?"
  51) EXPRESION : EXPRESION _ INDEX
  52) EXPRESION : EXPRESION _ "<" EXPRESION
  53) EXPRESION : EXPRESION _ "<=" EXPRESION
  53) EXPRESION : EXPRESION "<=" EXPRESION _
  54) EXPRESION : EXPRESION _ ">" EXPRESION
  55) EXPRESION : EXPRESION _ ">=" EXPRESION
  56) EXPRESION : EXPRESION _ "=" EXPRESION
  57) EXPRESION : EXPRESION _ "/=" EXPRESION

  "*"           shift, and go to state 51
  "/"           shift, and go to state 52
  "%"           shift, and go to state 53
  "+"           shift, and go to state 49
  "-"           shift, and go to state 50
  "/\\"         shift, and go to state 54
  "\\/"         shift, and go to state 55
  "++"          shift, and go to state 56
  "--"          shift, and go to state 57
  "["           shift, and go to state 67
  "::"          shift, and go to state 58
  "?"           shift, and go to state 59
  "<"           error
  "<="          error
  ">"           error
  ">="          error
  "="           error
  "/="          error
  $default      reduce using rule 53 (EXPRESION)

  INDEX         go to state 60

state 95

  36) EXPRESION : EXPRESION _ "+" EXPRESION
  37) EXPRESION : EXPRESION _ "-" EXPRESION
  38) EXPRESION : EXPRESION _ "*" EXPRESION
  39) EXPRESION : EXPRESION _ "/" EXPRESION
  40) EXPRESION : EXPRESION _ "%" EXPRESION
  42) EXPRESION : EXPRESION _ "/\\" EXPRESION
  43) EXPRESION : EXPRESION _ "\\/" EXPRESION
  45) EXPRESION : EXPRESION _ "++"
  46) EXPRESION : EXPRESION _ "--"
  48) EXPRESION : EXPRESION _ "::" EXPRESION
  50) EXPRESION : EXPRESION _ "?"
  51) EXPRESION : EXPRESION _ INDEX
  52) EXPRESION : EXPRESION _ "<" EXPRESION
  53) EXPRESION : EXPRESION _ "<=" EXPRESION
  54) EXPRESION : EXPRESION _ ">" EXPRESION
  54) EXPRESION : EXPRESION ">" EXPRESION _
  55) EXPRESION : EXPRESION _ ">=" EXPRESION
  56) EXPRESION : EXPRESION _ "=" EXPRESION
  57) EXPRESION : EXPRESION _ "/=" EXPRESION

  "*"           shift, and go to state 51
  "/"           shift, and go to state 52
  "%"           shift, and go to state 53
  "+"           shift, and go to state 49
  "-"           shift, and go to state 50
  "/\\"         shift, and go to state 54
  "\\/"         shift, and go to state 55
  "++"          shift, and go to state 56
  "--"          shift, and go to state 57
  "["           shift, and go to state 67
  "::"          shift, and go to state 58
  "?"           shift, and go to state 59
  "<"           error
  "<="          error
  ">"           error
  ">="          error
  "="           error
  "/="          error
  $default      reduce using rule 54 (EXPRESION)

  INDEX         go to state 60

state 96

  36) EXPRESION : EXPRESION _ "+" EXPRESION
  37) EXPRESION : EXPRESION _ "-" EXPRESION
  38) EXPRESION : EXPRESION _ "*" EXPRESION
  39) EXPRESION : EXPRESION _ "/" EXPRESION
  40) EXPRESION : EXPRESION _ "%" EXPRESION
  42) EXPRESION : EXPRESION _ "/\\" EXPRESION
  43) EXPRESION : EXPRESION _ "\\/" EXPRESION
  45) EXPRESION : EXPRESION _ "++"
  46) EXPRESION : EXPRESION _ "--"
  48) EXPRESION : EXPRESION _ "::" EXPRESION
  50) EXPRESION : EXPRESION _ "?"
  51) EXPRESION : EXPRESION _ INDEX
  52) EXPRESION : EXPRESION _ "<" EXPRESION
  53) EXPRESION : EXPRESION _ "<=" EXPRESION
  54) EXPRESION : EXPRESION _ ">" EXPRESION
  55) EXPRESION : EXPRESION _ ">=" EXPRESION
  55) EXPRESION : EXPRESION ">=" EXPRESION _
  56) EXPRESION : EXPRESION _ "=" EXPRESION
  57) EXPRESION : EXPRESION _ "/=" EXPRESION

  "*"           shift, and go to state 51
  "/"           shift, and go to state 52
  "%"           shift, and go to state 53
  "+"           shift, and go to state 49
  "-"           shift, and go to state 50
  "/\\"         shift, and go to state 54
  "\\/"         shift, and go to state 55
  "++"          shift, and go to state 56
  "--"          shift, and go to state 57
  "["           shift, and go to state 67
  "::"          shift, and go to state 58
  "?"           shift, and go to state 59
  "<"           error
  "<="          error
  ">"           error
  ">="          error
  "="           error
  "/="          error
  $default      reduce using rule 55 (EXPRESION)

  INDEX         go to state 60

state 97

  36) EXPRESION : EXPRESION _ "+" EXPRESION
  37) EXPRESION : EXPRESION _ "-" EXPRESION
  38) EXPRESION : EXPRESION _ "*" EXPRESION
  39) EXPRESION : EXPRESION _ "/" EXPRESION
  40) EXPRESION : EXPRESION _ "%" EXPRESION
  42) EXPRESION : EXPRESION _ "/\\" EXPRESION
  43) EXPRESION : EXPRESION _ "\\/" EXPRESION
  45) EXPRESION : EXPRESION _ "++"
  46) EXPRESION : EXPRESION _ "--"
  48) EXPRESION : EXPRESION _ "::" EXPRESION
  50) EXPRESION : EXPRESION _ "?"
  51) EXPRESION : EXPRESION _ INDEX
  52) EXPRESION : EXPRESION _ "<" EXPRESION
  53) EXPRESION : EXPRESION _ "<=" EXPRESION
  54) EXPRESION : EXPRESION _ ">" EXPRESION
  55) EXPRESION : EXPRESION _ ">=" EXPRESION
  56) EXPRESION : EXPRESION _ "=" EXPRESION
  56) EXPRESION : EXPRESION "=" EXPRESION _
  57) EXPRESION : EXPRESION _ "/=" EXPRESION

  "*"           shift, and go to state 51
  "/"           shift, and go to state 52
  "%"           shift, and go to state 53
  "+"           shift, and go to state 49
  "-"           shift, and go to state 50
  "/\\"         shift, and go to state 54
  "\\/"         shift, and go to state 55
  "++"          shift, and go to state 56
  "--"          shift, and go to state 57
  "["           shift, and go to state 67
  "::"          shift, and go to state 58
  "?"           shift, and go to state 59
  "<"           error
  "<="          error
  ">"           error
  ">="          error
  "="           error
  "/="          error
  $default      reduce using rule 56 (EXPRESION)

  INDEX         go to state 60

state 98

  36) EXPRESION : EXPRESION _ "+" EXPRESION
  37) EXPRESION : EXPRESION _ "-" EXPRESION
  38) EXPRESION : EXPRESION _ "*" EXPRESION
  39) EXPRESION : EXPRESION _ "/" EXPRESION
  40) EXPRESION : EXPRESION _ "%" EXPRESION
  42) EXPRESION : EXPRESION _ "/\\" EXPRESION
  43) EXPRESION : EXPRESION _ "\\/" EXPRESION
  45) EXPRESION : EXPRESION _ "++"
  46) EXPRESION : EXPRESION _ "--"
  48) EXPRESION : EXPRESION _ "::" EXPRESION
  50) EXPRESION : EXPRESION _ "?"
  51) EXPRESION : EXPRESION _ INDEX
  52) EXPRESION : EXPRESION _ "<" EXPRESION
  53) EXPRESION : EXPRESION _ "<=" EXPRESION
  54) EXPRESION : EXPRESION _ ">" EXPRESION
  55) EXPRESION : EXPRESION _ ">=" EXPRESION
  56) EXPRESION : EXPRESION _ "=" EXPRESION
  57) EXPRESION : EXPRESION _ "/=" EXPRESION
  57) EXPRESION : EXPRESION "/=" EXPRESION _

  "*"           shift, and go to state 51
  "/"           shift, and go to state 52
  "%"           shift, and go to state 53
  "+"           shift, and go to state 49
  "-"           shift, and go to state 50
  "/\\"         shift, and go to state 54
  "\\/"         shift, and go to state 55
  "++"          shift, and go to state 56
  "--"          shift, and go to state 57
  "["           shift, and go to state 67
  "::"          shift, and go to state 58
  "?"           shift, and go to state 59
  "<"           error
  "<="          error
  ">"           error
  ">="          error
  "="           error
  "/="          error
  $default      reduce using rule 57 (EXPRESION)

  INDEX         go to state 60

state 99

  12) DIMENSION : DIMENSION _ "," EXPRESION
  67) INDEX : "[" DIMENSION _ "]"

  "]"           shift, and go to state 114
  ","           shift, and go to state 104


state 100

  24) CONDICIONAL : "if" EXPRESION "->" _ INSTRUCCION_GENERAL CONDICIONAL_CONT

  ident         shift, and go to state 37
  num           shift, and go to state 33
  caracter      shift, and go to state 31
  "-"           shift, and go to state 25
  "not"         shift, and go to state 26
  "#"           shift, and go to state 27
  "$"           shift, and go to state 28
  "with"        shift, and go to state 2
  "begin"       shift, and go to state 3
  "if"          shift, and go to state 17
  "for"         shift, and go to state 18
  "while"       shift, and go to state 19
  "read"        shift, and go to state 20
  "print"       shift, and go to state 21
  "("           shift, and go to state 24
  "True"        shift, and go to state 34
  "False"       shift, and go to state 35
  "{"           shift, and go to state 36

  SECUENCIACION  go to state 8
  INSTRUCCION   go to state 9
  INSTRUCCION_GENERAL  go to state 115
  ASIGNACION    go to state 10
  I_O           go to state 11
  CONDICIONAL   go to state 12
  REPETICION_DET  go to state 13
  REPETICION_INDET  go to state 14
  INICIAL       go to state 15
  EXPRESION     go to state 16
  LITERAL       go to state 22
  VARIABLE      go to state 23
  LIT_INT       go to state 29
  LIT_BOOL      go to state 30
  LIT_MATRIX    go to state 32

state 101

  27) REPETICION_DET : "for" VARIABLE "from" _ EXPRESION "to" EXPRESION REPETICION_DET_CONT

  ident         shift, and go to state 37
  num           shift, and go to state 33
  caracter      shift, and go to state 31
  "-"           shift, and go to state 25
  "not"         shift, and go to state 26
  "#"           shift, and go to state 27
  "$"           shift, and go to state 28
  "("           shift, and go to state 24
  "True"        shift, and go to state 34
  "False"       shift, and go to state 35
  "{"           shift, and go to state 36

  EXPRESION     go to state 116
  LITERAL       go to state 22
  VARIABLE      go to state 23
  LIT_INT       go to state 29
  LIT_BOOL      go to state 30
  LIT_MATRIX    go to state 32

state 102

  30) REPETICION_INDET : "while" EXPRESION "->" _ INSTRUCCION_GENERAL "end"

  ident         shift, and go to state 37
  num           shift, and go to state 33
  caracter      shift, and go to state 31
  "-"           shift, and go to state 25
  "not"         shift, and go to state 26
  "#"           shift, and go to state 27
  "$"           shift, and go to state 28
  "with"        shift, and go to state 2
  "begin"       shift, and go to state 3
  "if"          shift, and go to state 17
  "for"         shift, and go to state 18
  "while"       shift, and go to state 19
  "read"        shift, and go to state 20
  "print"       shift, and go to state 21
  "("           shift, and go to state 24
  "True"        shift, and go to state 34
  "False"       shift, and go to state 35
  "{"           shift, and go to state 36

  SECUENCIACION  go to state 8
  INSTRUCCION   go to state 9
  INSTRUCCION_GENERAL  go to state 117
  ASIGNACION    go to state 10
  I_O           go to state 11
  CONDICIONAL   go to state 12
  REPETICION_DET  go to state 13
  REPETICION_INDET  go to state 14
  INICIAL       go to state 15
  EXPRESION     go to state 16
  LITERAL       go to state 22
  VARIABLE      go to state 23
  LIT_INT       go to state 29
  LIT_BOOL      go to state 30
  LIT_MATRIX    go to state 32

state 103

  35) EXPRESION : "(" EXPRESION ")" _

  $default      reduce using rule 35 (EXPRESION)


state 104

  12) DIMENSION : DIMENSION "," _ EXPRESION

  ident         shift, and go to state 37
  num           shift, and go to state 33
  caracter      shift, and go to state 31
  "-"           shift, and go to state 25
  "not"         shift, and go to state 26
  "#"           shift, and go to state 27
  "$"           shift, and go to state 28
  "("           shift, and go to state 24
  "True"        shift, and go to state 34
  "False"       shift, and go to state 35
  "{"           shift, and go to state 36

  EXPRESION     go to state 118
  LITERAL       go to state 22
  VARIABLE      go to state 23
  LIT_INT       go to state 29
  LIT_BOOL      go to state 30
  LIT_MATRIX    go to state 32

state 105

  65) LIT_MATRIX : "{" DIMENSION "}" _

  $default      reduce using rule 65 (LIT_MATRIX)


state 106

   1) INICIAL : "with" LISTA_DECLARACION "begin" INSTRUCCION_GENERAL "end" _

  $default      reduce using rule 1 (INICIAL)


state 107

   3) LISTA_DECLARACION : LISTA_DECLARACION "var" LISTA_IDENT ":" _ TIPO

  "int"         shift, and go to state 109
  "bool"        shift, and go to state 110
  "char"        shift, and go to state 111
  "matrix"      shift, and go to state 112

  TIPO          go to state 119

state 108

   4) LISTA_DECLARACION : "var" LISTA_IDENT ":" TIPO _

  $default      reduce using rule 4 (LISTA_DECLARACION)


state 109

   8) TIPO : "int" _

  $default      reduce using rule 8 (TIPO)


state 110

   9) TIPO : "bool" _

  $default      reduce using rule 9 (TIPO)


state 111

  10) TIPO : "char" _

  $default      reduce using rule 10 (TIPO)


state 112

  11) TIPO : "matrix" _ "[" DIMENSION "]" "of" TIPO

  "["           shift, and go to state 120


state 113

   5) LISTA_IDENT : LISTA_IDENT "," VARIABLE _

  $default      reduce using rule 5 (LISTA_IDENT)


state 114

  67) INDEX : "[" DIMENSION "]" _

  $default      reduce using rule 67 (INDEX)


state 115

  16) SECUENCIACION : INSTRUCCION_GENERAL _ INSTRUCCION
  24) CONDICIONAL : "if" EXPRESION "->" INSTRUCCION_GENERAL _ CONDICIONAL_CONT

  ident         shift, and go to state 37
  num           shift, and go to state 33
  caracter      shift, and go to state 31
  "-"           shift, and go to state 25
  "not"         shift, and go to state 26
  "#"           shift, and go to state 27
  "$"           shift, and go to state 28
  "with"        shift, and go to state 2
  "begin"       shift, and go to state 3
  "end"         shift, and go to state 122
  "if"          shift, and go to state 17
  "otherwise"   shift, and go to state 123
  "for"         shift, and go to state 18
  "while"       shift, and go to state 19
  "read"        shift, and go to state 20
  "print"       shift, and go to state 21
  "("           shift, and go to state 24
  "True"        shift, and go to state 34
  "False"       shift, and go to state 35
  "{"           shift, and go to state 36

  INSTRUCCION   go to state 45
  ASIGNACION    go to state 10
  I_O           go to state 11
  CONDICIONAL   go to state 12
  REPETICION_DET  go to state 13
  REPETICION_INDET  go to state 14
  INICIAL       go to state 15
  EXPRESION     go to state 16
  CONDICIONAL_CONT  go to state 121
  LITERAL       go to state 22
  VARIABLE      go to state 23
  LIT_INT       go to state 29
  LIT_BOOL      go to state 30
  LIT_MATRIX    go to state 32

state 116

  27) REPETICION_DET : "for" VARIABLE "from" EXPRESION _ "to" EXPRESION REPETICION_DET_CONT
  36) EXPRESION : EXPRESION _ "+" EXPRESION
  37) EXPRESION : EXPRESION _ "-" EXPRESION
  38) EXPRESION : EXPRESION _ "*" EXPRESION
  39) EXPRESION : EXPRESION _ "/" EXPRESION
  40) EXPRESION : EXPRESION _ "%" EXPRESION
  42) EXPRESION : EXPRESION _ "/\\" EXPRESION
  43) EXPRESION : EXPRESION _ "\\/" EXPRESION
  45) EXPRESION : EXPRESION _ "++"
  46) EXPRESION : EXPRESION _ "--"
  48) EXPRESION : EXPRESION _ "::" EXPRESION
  50) EXPRESION : EXPRESION _ "?"
  51) EXPRESION : EXPRESION _ INDEX
  52) EXPRESION : EXPRESION _ "<" EXPRESION
  53) EXPRESION : EXPRESION _ "<=" EXPRESION
  54) EXPRESION : EXPRESION _ ">" EXPRESION
  55) EXPRESION : EXPRESION _ ">=" EXPRESION
  56) EXPRESION : EXPRESION _ "=" EXPRESION
  57) EXPRESION : EXPRESION _ "/=" EXPRESION

  "*"           shift, and go to state 51
  "/"           shift, and go to state 52
  "%"           shift, and go to state 53
  "+"           shift, and go to state 49
  "-"           shift, and go to state 50
  "/\\"         shift, and go to state 54
  "\\/"         shift, and go to state 55
  "++"          shift, and go to state 56
  "--"          shift, and go to state 57
  "["           shift, and go to state 67
  "::"          shift, and go to state 58
  "?"           shift, and go to state 59
  "<"           shift, and go to state 61
  "<="          shift, and go to state 62
  ">"           shift, and go to state 63
  ">="          shift, and go to state 64
  "="           shift, and go to state 65
  "/="          shift, and go to state 66
  "to"          shift, and go to state 124

  INDEX         go to state 60

state 117

  16) SECUENCIACION : INSTRUCCION_GENERAL _ INSTRUCCION
  30) REPETICION_INDET : "while" EXPRESION "->" INSTRUCCION_GENERAL _ "end"

  ident         shift, and go to state 37
  num           shift, and go to state 33
  caracter      shift, and go to state 31
  "-"           shift, and go to state 25
  "not"         shift, and go to state 26
  "#"           shift, and go to state 27
  "$"           shift, and go to state 28
  "with"        shift, and go to state 2
  "begin"       shift, and go to state 3
  "end"         shift, and go to state 125
  "if"          shift, and go to state 17
  "for"         shift, and go to state 18
  "while"       shift, and go to state 19
  "read"        shift, and go to state 20
  "print"       shift, and go to state 21
  "("           shift, and go to state 24
  "True"        shift, and go to state 34
  "False"       shift, and go to state 35
  "{"           shift, and go to state 36

  INSTRUCCION   go to state 45
  ASIGNACION    go to state 10
  I_O           go to state 11
  CONDICIONAL   go to state 12
  REPETICION_DET  go to state 13
  REPETICION_INDET  go to state 14
  INICIAL       go to state 15
  EXPRESION     go to state 16
  LITERAL       go to state 22
  VARIABLE      go to state 23
  LIT_INT       go to state 29
  LIT_BOOL      go to state 30
  LIT_MATRIX    go to state 32

state 118

  12) DIMENSION : DIMENSION "," EXPRESION _
  36) EXPRESION : EXPRESION _ "+" EXPRESION
  37) EXPRESION : EXPRESION _ "-" EXPRESION
  38) EXPRESION : EXPRESION _ "*" EXPRESION
  39) EXPRESION : EXPRESION _ "/" EXPRESION
  40) EXPRESION : EXPRESION _ "%" EXPRESION
  42) EXPRESION : EXPRESION _ "/\\" EXPRESION
  43) EXPRESION : EXPRESION _ "\\/" EXPRESION
  45) EXPRESION : EXPRESION _ "++"
  46) EXPRESION : EXPRESION _ "--"
  48) EXPRESION : EXPRESION _ "::" EXPRESION
  50) EXPRESION : EXPRESION _ "?"
  51) EXPRESION : EXPRESION _ INDEX
  52) EXPRESION : EXPRESION _ "<" EXPRESION
  53) EXPRESION : EXPRESION _ "<=" EXPRESION
  54) EXPRESION : EXPRESION _ ">" EXPRESION
  55) EXPRESION : EXPRESION _ ">=" EXPRESION
  56) EXPRESION : EXPRESION _ "=" EXPRESION
  57) EXPRESION : EXPRESION _ "/=" EXPRESION

  "*"           shift, and go to state 51
  "/"           shift, and go to state 52
  "%"           shift, and go to state 53
  "+"           shift, and go to state 49
  "-"           shift, and go to state 50
  "/\\"         shift, and go to state 54
  "\\/"         shift, and go to state 55
  "++"          shift, and go to state 56
  "--"          shift, and go to state 57
  "["           shift, and go to state 67
  "::"          shift, and go to state 58
  "?"           shift, and go to state 59
  "<"           shift, and go to state 61
  "<="          shift, and go to state 62
  ">"           shift, and go to state 63
  ">="          shift, and go to state 64
  "="           shift, and go to state 65
  "/="          shift, and go to state 66
  $default      reduce using rule 12 (DIMENSION)

  INDEX         go to state 60

state 119

   3) LISTA_DECLARACION : LISTA_DECLARACION "var" LISTA_IDENT ":" TIPO _

  $default      reduce using rule 3 (LISTA_DECLARACION)


state 120

  11) TIPO : "matrix" "[" _ DIMENSION "]" "of" TIPO

  ident         shift, and go to state 37
  num           shift, and go to state 33
  caracter      shift, and go to state 31
  "-"           shift, and go to state 25
  "not"         shift, and go to state 26
  "#"           shift, and go to state 27
  "$"           shift, and go to state 28
  "("           shift, and go to state 24
  "True"        shift, and go to state 34
  "False"       shift, and go to state 35
  "{"           shift, and go to state 36

  DIMENSION     go to state 126
  EXPRESION     go to state 79
  LITERAL       go to state 22
  VARIABLE      go to state 23
  LIT_INT       go to state 29
  LIT_BOOL      go to state 30
  LIT_MATRIX    go to state 32

state 121

  24) CONDICIONAL : "if" EXPRESION "->" INSTRUCCION_GENERAL CONDICIONAL_CONT _

  $default      reduce using rule 24 (CONDICIONAL)


state 122

  25) CONDICIONAL_CONT : "end" _

  $default      reduce using rule 25 (CONDICIONAL_CONT)


state 123

  26) CONDICIONAL_CONT : "otherwise" _ "->" INSTRUCCION_GENERAL "end"

  "->"          shift, and go to state 127


state 124

  27) REPETICION_DET : "for" VARIABLE "from" EXPRESION "to" _ EXPRESION REPETICION_DET_CONT

  ident         shift, and go to state 37
  num           shift, and go to state 33
  caracter      shift, and go to state 31
  "-"           shift, and go to state 25
  "not"         shift, and go to state 26
  "#"           shift, and go to state 27
  "$"           shift, and go to state 28
  "("           shift, and go to state 24
  "True"        shift, and go to state 34
  "False"       shift, and go to state 35
  "{"           shift, and go to state 36

  EXPRESION     go to state 128
  LITERAL       go to state 22
  VARIABLE      go to state 23
  LIT_INT       go to state 29
  LIT_BOOL      go to state 30
  LIT_MATRIX    go to state 32

state 125

  30) REPETICION_INDET : "while" EXPRESION "->" INSTRUCCION_GENERAL "end" _

  $default      reduce using rule 30 (REPETICION_INDET)


state 126

  11) TIPO : "matrix" "[" DIMENSION _ "]" "of" TIPO
  12) DIMENSION : DIMENSION _ "," EXPRESION

  "]"           shift, and go to state 129
  ","           shift, and go to state 104


state 127

  26) CONDICIONAL_CONT : "otherwise" "->" _ INSTRUCCION_GENERAL "end"

  ident         shift, and go to state 37
  num           shift, and go to state 33
  caracter      shift, and go to state 31
  "-"           shift, and go to state 25
  "not"         shift, and go to state 26
  "#"           shift, and go to state 27
  "$"           shift, and go to state 28
  "with"        shift, and go to state 2
  "begin"       shift, and go to state 3
  "if"          shift, and go to state 17
  "for"         shift, and go to state 18
  "while"       shift, and go to state 19
  "read"        shift, and go to state 20
  "print"       shift, and go to state 21
  "("           shift, and go to state 24
  "True"        shift, and go to state 34
  "False"       shift, and go to state 35
  "{"           shift, and go to state 36

  SECUENCIACION  go to state 8
  INSTRUCCION   go to state 9
  INSTRUCCION_GENERAL  go to state 130
  ASIGNACION    go to state 10
  I_O           go to state 11
  CONDICIONAL   go to state 12
  REPETICION_DET  go to state 13
  REPETICION_INDET  go to state 14
  INICIAL       go to state 15
  EXPRESION     go to state 16
  LITERAL       go to state 22
  VARIABLE      go to state 23
  LIT_INT       go to state 29
  LIT_BOOL      go to state 30
  LIT_MATRIX    go to state 32

state 128

  27) REPETICION_DET : "for" VARIABLE "from" EXPRESION "to" EXPRESION _ REPETICION_DET_CONT
  36) EXPRESION : EXPRESION _ "+" EXPRESION
  37) EXPRESION : EXPRESION _ "-" EXPRESION
  38) EXPRESION : EXPRESION _ "*" EXPRESION
  39) EXPRESION : EXPRESION _ "/" EXPRESION
  40) EXPRESION : EXPRESION _ "%" EXPRESION
  42) EXPRESION : EXPRESION _ "/\\" EXPRESION
  43) EXPRESION : EXPRESION _ "\\/" EXPRESION
  45) EXPRESION : EXPRESION _ "++"
  46) EXPRESION : EXPRESION _ "--"
  48) EXPRESION : EXPRESION _ "::" EXPRESION
  50) EXPRESION : EXPRESION _ "?"
  51) EXPRESION : EXPRESION _ INDEX
  52) EXPRESION : EXPRESION _ "<" EXPRESION
  53) EXPRESION : EXPRESION _ "<=" EXPRESION
  54) EXPRESION : EXPRESION _ ">" EXPRESION
  55) EXPRESION : EXPRESION _ ">=" EXPRESION
  56) EXPRESION : EXPRESION _ "=" EXPRESION
  57) EXPRESION : EXPRESION _ "/=" EXPRESION

  "*"           shift, and go to state 51
  "/"           shift, and go to state 52
  "%"           shift, and go to state 53
  "+"           shift, and go to state 49
  "-"           shift, and go to state 50
  "/\\"         shift, and go to state 54
  "\\/"         shift, and go to state 55
  "++"          shift, and go to state 56
  "--"          shift, and go to state 57
  "["           shift, and go to state 67
  "::"          shift, and go to state 58
  "?"           shift, and go to state 59
  "<"           shift, and go to state 61
  "<="          shift, and go to state 62
  ">"           shift, and go to state 63
  ">="          shift, and go to state 64
  "="           shift, and go to state 65
  "/="          shift, and go to state 66
  "->"          shift, and go to state 132
  "step"        shift, and go to state 133

  REPETICION_DET_CONT  go to state 131
  INDEX         go to state 60

state 129

  11) TIPO : "matrix" "[" DIMENSION "]" _ "of" TIPO

  "of"          shift, and go to state 134


state 130

  16) SECUENCIACION : INSTRUCCION_GENERAL _ INSTRUCCION
  26) CONDICIONAL_CONT : "otherwise" "->" INSTRUCCION_GENERAL _ "end"

  ident         shift, and go to state 37
  num           shift, and go to state 33
  caracter      shift, and go to state 31
  "-"           shift, and go to state 25
  "not"         shift, and go to state 26
  "#"           shift, and go to state 27
  "$"           shift, and go to state 28
  "with"        shift, and go to state 2
  "begin"       shift, and go to state 3
  "end"         shift, and go to state 135
  "if"          shift, and go to state 17
  "for"         shift, and go to state 18
  "while"       shift, and go to state 19
  "read"        shift, and go to state 20
  "print"       shift, and go to state 21
  "("           shift, and go to state 24
  "True"        shift, and go to state 34
  "False"       shift, and go to state 35
  "{"           shift, and go to state 36

  INSTRUCCION   go to state 45
  ASIGNACION    go to state 10
  I_O           go to state 11
  CONDICIONAL   go to state 12
  REPETICION_DET  go to state 13
  REPETICION_INDET  go to state 14
  INICIAL       go to state 15
  EXPRESION     go to state 16
  LITERAL       go to state 22
  VARIABLE      go to state 23
  LIT_INT       go to state 29
  LIT_BOOL      go to state 30
  LIT_MATRIX    go to state 32

state 131

  27) REPETICION_DET : "for" VARIABLE "from" EXPRESION "to" EXPRESION REPETICION_DET_CONT _

  $default      reduce using rule 27 (REPETICION_DET)


state 132

  28) REPETICION_DET_CONT : "->" _ INSTRUCCION_GENERAL "end"

  ident         shift, and go to state 37
  num           shift, and go to state 33
  caracter      shift, and go to state 31
  "-"           shift, and go to state 25
  "not"         shift, and go to state 26
  "#"           shift, and go to state 27
  "$"           shift, and go to state 28
  "with"        shift, and go to state 2
  "begin"       shift, and go to state 3
  "if"          shift, and go to state 17
  "for"         shift, and go to state 18
  "while"       shift, and go to state 19
  "read"        shift, and go to state 20
  "print"       shift, and go to state 21
  "("           shift, and go to state 24
  "True"        shift, and go to state 34
  "False"       shift, and go to state 35
  "{"           shift, and go to state 36

  SECUENCIACION  go to state 8
  INSTRUCCION   go to state 9
  INSTRUCCION_GENERAL  go to state 136
  ASIGNACION    go to state 10
  I_O           go to state 11
  CONDICIONAL   go to state 12
  REPETICION_DET  go to state 13
  REPETICION_INDET  go to state 14
  INICIAL       go to state 15
  EXPRESION     go to state 16
  LITERAL       go to state 22
  VARIABLE      go to state 23
  LIT_INT       go to state 29
  LIT_BOOL      go to state 30
  LIT_MATRIX    go to state 32

state 133

  29) REPETICION_DET_CONT : "step" _ EXPRESION "->" INSTRUCCION_GENERAL "end"

  ident         shift, and go to state 37
  num           shift, and go to state 33
  caracter      shift, and go to state 31
  "-"           shift, and go to state 25
  "not"         shift, and go to state 26
  "#"           shift, and go to state 27
  "$"           shift, and go to state 28
  "("           shift, and go to state 24
  "True"        shift, and go to state 34
  "False"       shift, and go to state 35
  "{"           shift, and go to state 36

  EXPRESION     go to state 137
  LITERAL       go to state 22
  VARIABLE      go to state 23
  LIT_INT       go to state 29
  LIT_BOOL      go to state 30
  LIT_MATRIX    go to state 32

state 134

  11) TIPO : "matrix" "[" DIMENSION "]" "of" _ TIPO

  "int"         shift, and go to state 109
  "bool"        shift, and go to state 110
  "char"        shift, and go to state 111
  "matrix"      shift, and go to state 112

  TIPO          go to state 138

state 135

  26) CONDICIONAL_CONT : "otherwise" "->" INSTRUCCION_GENERAL "end" _

  $default      reduce using rule 26 (CONDICIONAL_CONT)


state 136

  16) SECUENCIACION : INSTRUCCION_GENERAL _ INSTRUCCION
  28) REPETICION_DET_CONT : "->" INSTRUCCION_GENERAL _ "end"

  ident         shift, and go to state 37
  num           shift, and go to state 33
  caracter      shift, and go to state 31
  "-"           shift, and go to state 25
  "not"         shift, and go to state 26
  "#"           shift, and go to state 27
  "$"           shift, and go to state 28
  "with"        shift, and go to state 2
  "begin"       shift, and go to state 3
  "end"         shift, and go to state 139
  "if"          shift, and go to state 17
  "for"         shift, and go to state 18
  "while"       shift, and go to state 19
  "read"        shift, and go to state 20
  "print"       shift, and go to state 21
  "("           shift, and go to state 24
  "True"        shift, and go to state 34
  "False"       shift, and go to state 35
  "{"           shift, and go to state 36

  INSTRUCCION   go to state 45
  ASIGNACION    go to state 10
  I_O           go to state 11
  CONDICIONAL   go to state 12
  REPETICION_DET  go to state 13
  REPETICION_INDET  go to state 14
  INICIAL       go to state 15
  EXPRESION     go to state 16
  LITERAL       go to state 22
  VARIABLE      go to state 23
  LIT_INT       go to state 29
  LIT_BOOL      go to state 30
  LIT_MATRIX    go to state 32

state 137

  29) REPETICION_DET_CONT : "step" EXPRESION _ "->" INSTRUCCION_GENERAL "end"
  36) EXPRESION : EXPRESION _ "+" EXPRESION
  37) EXPRESION : EXPRESION _ "-" EXPRESION
  38) EXPRESION : EXPRESION _ "*" EXPRESION
  39) EXPRESION : EXPRESION _ "/" EXPRESION
  40) EXPRESION : EXPRESION _ "%" EXPRESION
  42) EXPRESION : EXPRESION _ "/\\" EXPRESION
  43) EXPRESION : EXPRESION _ "\\/" EXPRESION
  45) EXPRESION : EXPRESION _ "++"
  46) EXPRESION : EXPRESION _ "--"
  48) EXPRESION : EXPRESION _ "::" EXPRESION
  50) EXPRESION : EXPRESION _ "?"
  51) EXPRESION : EXPRESION _ INDEX
  52) EXPRESION : EXPRESION _ "<" EXPRESION
  53) EXPRESION : EXPRESION _ "<=" EXPRESION
  54) EXPRESION : EXPRESION _ ">" EXPRESION
  55) EXPRESION : EXPRESION _ ">=" EXPRESION
  56) EXPRESION : EXPRESION _ "=" EXPRESION
  57) EXPRESION : EXPRESION _ "/=" EXPRESION

  "*"           shift, and go to state 51
  "/"           shift, and go to state 52
  "%"           shift, and go to state 53
  "+"           shift, and go to state 49
  "-"           shift, and go to state 50
  "/\\"         shift, and go to state 54
  "\\/"         shift, and go to state 55
  "++"          shift, and go to state 56
  "--"          shift, and go to state 57
  "["           shift, and go to state 67
  "::"          shift, and go to state 58
  "?"           shift, and go to state 59
  "<"           shift, and go to state 61
  "<="          shift, and go to state 62
  ">"           shift, and go to state 63
  ">="          shift, and go to state 64
  "="           shift, and go to state 65
  "/="          shift, and go to state 66
  "->"          shift, and go to state 140

  INDEX         go to state 60

state 138

  11) TIPO : "matrix" "[" DIMENSION "]" "of" TIPO _

  $default      reduce using rule 11 (TIPO)


state 139

  28) REPETICION_DET_CONT : "->" INSTRUCCION_GENERAL "end" _

  $default      reduce using rule 28 (REPETICION_DET_CONT)


state 140

  29) REPETICION_DET_CONT : "step" EXPRESION "->" _ INSTRUCCION_GENERAL "end"

  ident         shift, and go to state 37
  num           shift, and go to state 33
  caracter      shift, and go to state 31
  "-"           shift, and go to state 25
  "not"         shift, and go to state 26
  "#"           shift, and go to state 27
  "$"           shift, and go to state 28
  "with"        shift, and go to state 2
  "begin"       shift, and go to state 3
  "if"          shift, and go to state 17
  "for"         shift, and go to state 18
  "while"       shift, and go to state 19
  "read"        shift, and go to state 20
  "print"       shift, and go to state 21
  "("           shift, and go to state 24
  "True"        shift, and go to state 34
  "False"       shift, and go to state 35
  "{"           shift, and go to state 36

  SECUENCIACION  go to state 8
  INSTRUCCION   go to state 9
  INSTRUCCION_GENERAL  go to state 141
  ASIGNACION    go to state 10
  I_O           go to state 11
  CONDICIONAL   go to state 12
  REPETICION_DET  go to state 13
  REPETICION_INDET  go to state 14
  INICIAL       go to state 15
  EXPRESION     go to state 16
  LITERAL       go to state 22
  VARIABLE      go to state 23
  LIT_INT       go to state 29
  LIT_BOOL      go to state 30
  LIT_MATRIX    go to state 32

state 141

  16) SECUENCIACION : INSTRUCCION_GENERAL _ INSTRUCCION
  29) REPETICION_DET_CONT : "step" EXPRESION "->" INSTRUCCION_GENERAL _ "end"

  ident         shift, and go to state 37
  num           shift, and go to state 33
  caracter      shift, and go to state 31
  "-"           shift, and go to state 25
  "not"         shift, and go to state 26
  "#"           shift, and go to state 27
  "$"           shift, and go to state 28
  "with"        shift, and go to state 2
  "begin"       shift, and go to state 3
  "end"         shift, and go to state 142
  "if"          shift, and go to state 17
  "for"         shift, and go to state 18
  "while"       shift, and go to state 19
  "read"        shift, and go to state 20
  "print"       shift, and go to state 21
  "("           shift, and go to state 24
  "True"        shift, and go to state 34
  "False"       shift, and go to state 35
  "{"           shift, and go to state 36

  INSTRUCCION   go to state 45
  ASIGNACION    go to state 10
  I_O           go to state 11
  CONDICIONAL   go to state 12
  REPETICION_DET  go to state 13
  REPETICION_INDET  go to state 14
  INICIAL       go to state 15
  EXPRESION     go to state 16
  LITERAL       go to state 22
  VARIABLE      go to state 23
  LIT_INT       go to state 29
  LIT_BOOL      go to state 30
  LIT_MATRIX    go to state 32

state 142

  29) REPETICION_DET_CONT : "step" EXPRESION "->" INSTRUCCION_GENERAL "end" _

  $default      reduce using rule 29 (REPETICION_DET_CONT)

